<?xml version="1.0" encoding="UTF-8"?>
<robot generator="Robot 3.2.1 (Python 3.6.3 on win32)" generated="20201127 08:50:51.792" rpa="false">
<suite id="s1" name="TC 03" source="C:\Users\aniru\PycharmProjects\RobotFramework_Python\TestCases\TC_03.robot">
<test id="s1-t1" name="InputTextBoxTest">
<kw name="SmokeTestApp">
<kw name="Open Browser" library="SeleniumLibrary">
<doc>Opens a new browser instance to the optional ``url``.</doc>
<arguments>
<arg>${url}</arg>
<arg>${browser}</arg>
</arguments>
<msg timestamp="20201127 08:50:52.122" level="INFO">Opening browser 'chrome' to base url 'http://demoqa.com/automation-practice-form'.</msg>
<status status="PASS" starttime="20201127 08:50:52.122" endtime="20201127 08:50:59.104"></status>
</kw>
<kw name="Maximize Browser Window" library="SeleniumLibrary">
<doc>Maximizes current browser window.</doc>
<status status="PASS" starttime="20201127 08:50:59.104" endtime="20201127 08:51:00.232"></status>
</kw>
<kw name="Set Variable" library="BuiltIn">
<doc>Returns the given values which can then be assigned to a variables.</doc>
<arguments>
<arg>id:firstName</arg>
</arguments>
<assign>
<var>${firstname_txt}</var>
</assign>
<msg timestamp="20201127 08:51:00.233" level="INFO">${firstname_txt} = id:firstName</msg>
<status status="PASS" starttime="20201127 08:51:00.232" endtime="20201127 08:51:00.233"></status>
</kw>
<kw name="Set Variable" library="BuiltIn">
<doc>Returns the given values which can then be assigned to a variables.</doc>
<arguments>
<arg>id:lastName</arg>
</arguments>
<assign>
<var>${Last_name_txt}</var>
</assign>
<msg timestamp="20201127 08:51:00.233" level="INFO">${Last_name_txt} = id:lastName</msg>
<status status="PASS" starttime="20201127 08:51:00.233" endtime="20201127 08:51:00.233"></status>
</kw>
<kw name="Set Variable" library="BuiltIn">
<doc>Returns the given values which can then be assigned to a variables.</doc>
<arguments>
<arg>id:userEmail</arg>
</arguments>
<assign>
<var>${email_txt}</var>
</assign>
<msg timestamp="20201127 08:51:00.234" level="INFO">${email_txt} = id:userEmail</msg>
<status status="PASS" starttime="20201127 08:51:00.233" endtime="20201127 08:51:00.234"></status>
</kw>
<kw name="Set Variable" library="BuiltIn">
<doc>Returns the given values which can then be assigned to a variables.</doc>
<arguments>
<arg>//*[@id="genterWrapper"]/div[2]/div[1]/label</arg>
</arguments>
<assign>
<var>${gender_button}</var>
</assign>
<msg timestamp="20201127 08:51:00.234" level="INFO">${gender_button} = //*[@id="genterWrapper"]/div[2]/div[1]/label</msg>
<status status="PASS" starttime="20201127 08:51:00.234" endtime="20201127 08:51:00.234"></status>
</kw>
<kw name="Set Variable" library="BuiltIn">
<doc>Returns the given values which can then be assigned to a variables.</doc>
<arguments>
<arg>id:userNumber</arg>
</arguments>
<assign>
<var>${mobilenumber_selector}</var>
</assign>
<msg timestamp="20201127 08:51:00.235" level="INFO">${mobilenumber_selector} = id:userNumber</msg>
<status status="PASS" starttime="20201127 08:51:00.234" endtime="20201127 08:51:00.235"></status>
</kw>
<kw name="Set Variable" library="BuiltIn">
<doc>Returns the given values which can then be assigned to a variables.</doc>
<arguments>
<arg>id:dateOfBirthInput</arg>
</arguments>
<assign>
<var>${date_of_birth_value}</var>
</assign>
<msg timestamp="20201127 08:51:00.235" level="INFO">${date_of_birth_value} = id:dateOfBirthInput</msg>
<status status="PASS" starttime="20201127 08:51:00.235" endtime="20201127 08:51:00.235"></status>
</kw>
<kw name="Element Should Be Visible" library="SeleniumLibrary">
<doc>Verifies that the element identified by ``locator`` is visible.</doc>
<arguments>
<arg>${firstname_txt}</arg>
</arguments>
<msg timestamp="20201127 08:51:00.268" level="INFO">Element 'id:firstName' is displayed.</msg>
<status status="PASS" starttime="20201127 08:51:00.235" endtime="20201127 08:51:00.269"></status>
</kw>
<kw name="Element Should Be Visible" library="SeleniumLibrary">
<doc>Verifies that the element identified by ``locator`` is visible.</doc>
<arguments>
<arg>${Last_name_txt}</arg>
</arguments>
<msg timestamp="20201127 08:51:00.300" level="INFO">Element 'id:lastName' is displayed.</msg>
<status status="PASS" starttime="20201127 08:51:00.269" endtime="20201127 08:51:00.300"></status>
</kw>
<kw name="Element Should Be Visible" library="SeleniumLibrary">
<doc>Verifies that the element identified by ``locator`` is visible.</doc>
<arguments>
<arg>${email_txt}</arg>
</arguments>
<msg timestamp="20201127 08:51:00.324" level="INFO">Element 'id:userEmail' is displayed.</msg>
<status status="PASS" starttime="20201127 08:51:00.300" endtime="20201127 08:51:00.324"></status>
</kw>
<kw name="Input Text" library="SeleniumLibrary">
<doc>Types the given ``text`` into the text field identified by ``locator``.</doc>
<arguments>
<arg>${firstname_txt}</arg>
<arg>${Inputvalue1}</arg>
</arguments>
<msg timestamp="20201127 08:51:00.325" level="INFO">Typing text 'hariharan' into text field 'id:firstName'.</msg>
<status status="PASS" starttime="20201127 08:51:00.325" endtime="20201127 08:51:00.464"></status>
</kw>
<kw name="Input Text" library="SeleniumLibrary">
<doc>Types the given ``text`` into the text field identified by ``locator``.</doc>
<arguments>
<arg>${Last_name_txt}</arg>
<arg>${Inputvalue2}</arg>
</arguments>
<msg timestamp="20201127 08:51:00.464" level="INFO">Typing text 'sadagopan' into text field 'id:lastName'.</msg>
<status status="PASS" starttime="20201127 08:51:00.464" endtime="20201127 08:51:00.596"></status>
</kw>
<kw name="Input Text" library="SeleniumLibrary">
<doc>Types the given ``text`` into the text field identified by ``locator``.</doc>
<arguments>
<arg>${email_txt}</arg>
<arg>${email_value}</arg>
</arguments>
<msg timestamp="20201127 08:51:00.596" level="INFO">Typing text 'hariharansadagopan17@gmail.com' into text field 'id:userEmail'.</msg>
<status status="PASS" starttime="20201127 08:51:00.596" endtime="20201127 08:51:00.779"></status>
</kw>
<kw name="Sleep" library="BuiltIn">
<doc>Pauses the test executed for the given time.</doc>
<arguments>
<arg>5</arg>
</arguments>
<msg timestamp="20201127 08:51:05.781" level="INFO">Slept 5 seconds</msg>
<status status="PASS" starttime="20201127 08:51:00.779" endtime="20201127 08:51:05.781"></status>
</kw>
<kw name="Click Element" library="SeleniumLibrary">
<doc>Click the element identified by ``locator``.</doc>
<arguments>
<arg>${gender_button}</arg>
</arguments>
<msg timestamp="20201127 08:51:05.782" level="INFO">Clicking element '//*[@id="genterWrapper"]/div[2]/div[1]/label'.</msg>
<status status="PASS" starttime="20201127 08:51:05.781" endtime="20201127 08:51:05.893"></status>
</kw>
<kw name="Input Text" library="SeleniumLibrary">
<doc>Types the given ``text`` into the text field identified by ``locator``.</doc>
<arguments>
<arg>${mobilenumber_selector}</arg>
<arg>${mobile_number_value}</arg>
</arguments>
<msg timestamp="20201127 08:51:05.894" level="INFO">Typing text '9344961077' into text field 'id:userNumber'.</msg>
<status status="PASS" starttime="20201127 08:51:05.893" endtime="20201127 08:51:06.056"></status>
</kw>
<kw name="Sleep" library="BuiltIn">
<doc>Pauses the test executed for the given time.</doc>
<arguments>
<arg>5</arg>
</arguments>
<msg timestamp="20201127 08:51:11.057" level="INFO">Slept 5 seconds</msg>
<status status="PASS" starttime="20201127 08:51:06.056" endtime="20201127 08:51:11.057"></status>
</kw>
<kw name="Select Date">
<arguments>
<arg>1989</arg>
<arg>7</arg>
<arg>17</arg>
</arguments>
<kw name="Get Current Date" library="DateTime">
<doc>Returns current local or UTC time with an optional increment.</doc>
<arguments>
<arg>result_format=datetime</arg>
</arguments>
<assign>
<var>${currentDate}</var>
</assign>
<msg timestamp="20201127 08:51:11.058" level="INFO">${currentDate} = 2020-11-27 08:51:11.057778</msg>
<status status="PASS" starttime="20201127 08:51:11.058" endtime="20201127 08:51:11.058"></status>
</kw>
<kw name="Convert To Integer" library="BuiltIn">
<doc>Converts the given item to an integer number.</doc>
<arguments>
<arg>${year}</arg>
</arguments>
<status status="PASS" starttime="20201127 08:51:11.058" endtime="20201127 08:51:11.059"></status>
</kw>
<kw name="Convert To Integer" library="BuiltIn">
<doc>Converts the given item to an integer number.</doc>
<arguments>
<arg>${month}</arg>
</arguments>
<status status="PASS" starttime="20201127 08:51:11.059" endtime="20201127 08:51:11.060"></status>
</kw>
<kw name="Convert To Integer" library="BuiltIn">
<doc>Converts the given item to an integer number.</doc>
<arguments>
<arg>${date}</arg>
</arguments>
<status status="PASS" starttime="20201127 08:51:11.060" endtime="20201127 08:51:11.060"></status>
</kw>
<kw name="Evaluate" library="BuiltIn">
<doc>Evaluates the given expression in Python and returns the result.</doc>
<arguments>
<arg>${month}-${currentDate.month}</arg>
</arguments>
<assign>
<var>${month-diff}</var>
</assign>
<msg timestamp="20201127 08:51:11.061" level="INFO">${month-diff} = -4</msg>
<status status="PASS" starttime="20201127 08:51:11.060" endtime="20201127 08:51:11.061"></status>
</kw>
<kw name="Evaluate" library="BuiltIn">
<doc>Evaluates the given expression in Python and returns the result.</doc>
<arguments>
<arg>${year}-${currentDate.year}</arg>
</arguments>
<assign>
<var>${year-diff}</var>
</assign>
<msg timestamp="20201127 08:51:11.061" level="INFO">${year-diff} = -31</msg>
<status status="PASS" starttime="20201127 08:51:11.061" endtime="20201127 08:51:11.061"></status>
</kw>
<kw name="Evaluate" library="BuiltIn">
<doc>Evaluates the given expression in Python and returns the result.</doc>
<arguments>
<arg>${year-diff}*12+${month-diff}</arg>
</arguments>
<assign>
<var>${move}</var>
</assign>
<msg timestamp="20201127 08:51:11.062" level="INFO">${move} = -376</msg>
<status status="PASS" starttime="20201127 08:51:11.062" endtime="20201127 08:51:11.062"></status>
</kw>
<kw name="Wait Until Element Is Enabled" library="SeleniumLibrary">
<doc>Waits until the element ``locator`` is enabled.</doc>
<arguments>
<arg>xpath=//*[@id="dateOfBirthInput"]</arg>
</arguments>
<status status="PASS" starttime="20201127 08:51:11.062" endtime="20201127 08:51:11.100"></status>
</kw>
<kw name="Click Element" library="SeleniumLibrary">
<doc>Click the element identified by ``locator``.</doc>
<arguments>
<arg>xpath=//*[@id="dateOfBirthInput"]</arg>
</arguments>
<msg timestamp="20201127 08:51:11.101" level="INFO">Clicking element 'xpath=//*[@id="dateOfBirthInput"]'.</msg>
<status status="PASS" starttime="20201127 08:51:11.100" endtime="20201127 08:51:11.309"></status>
</kw>
<kw name="Set Variable If" library="BuiltIn">
<doc>Sets variable based on the given condition.</doc>
<arguments>
<arg>${move}&gt;0</arg>
<arg>1</arg>
<arg>${move}&lt;0</arg>
<arg>0</arg>
</arguments>
<assign>
<var>${shiftForward}</var>
</assign>
<kw name="Set Variable If" library="BuiltIn">
<doc>Sets variable based on the given condition.</doc>
<arguments>
<arg>${move}&lt;0</arg>
<arg>0</arg>
</arguments>
<status status="PASS" starttime="20201127 08:51:11.310" endtime="20201127 08:51:11.311"></status>
</kw>
<msg timestamp="20201127 08:51:11.311" level="INFO">${shiftForward} = 0</msg>
<status status="PASS" starttime="20201127 08:51:11.310" endtime="20201127 08:51:11.311"></status>
</kw>
<kw name="Set Variable If" library="BuiltIn">
<doc>Sets variable based on the given condition.</doc>
<arguments>
<arg>${move}&gt;0</arg>
<arg>${move}</arg>
<arg>${move}&lt;0</arg>
<arg>${move}*-1</arg>
</arguments>
<assign>
<var>${move}</var>
</assign>
<kw name="Set Variable If" library="BuiltIn">
<doc>Sets variable based on the given condition.</doc>
<arguments>
<arg>${move}&lt;0</arg>
<arg>${move}*-1</arg>
</arguments>
<status status="PASS" starttime="20201127 08:51:11.312" endtime="20201127 08:51:11.313"></status>
</kw>
<msg timestamp="20201127 08:51:11.313" level="INFO">${move} = -376*-1</msg>
<status status="PASS" starttime="20201127 08:51:11.311" endtime="20201127 08:51:11.313"></status>
</kw>
<kw name="${var} IN RANGE [ ${move} ]" type="for">
<msg timestamp="20201127 08:51:11.313" level="WARN">Error in file 'C:\Users\aniru\PycharmProjects\RobotFramework_Python\TestCases\TC_03.robot' in FOR loop starting on line 42: For loop header ':FOR' is deprecated. Use 'FOR' instead.</msg>
<msg timestamp="20201127 08:51:11.314" level="WARN">Error in file 'C:\Users\aniru\PycharmProjects\RobotFramework_Python\TestCases\TC_03.robot' in FOR loop starting on line 42: Marking for loop body with '\' is deprecated. Remove markers and use 'END' instead.</msg>
<kw name="${var} = 0" type="foritem">
<kw name="Run Keyword If" library="BuiltIn">
<doc>Runs the given keyword with the given arguments, if ``condition`` is true.</doc>
<arguments>
<arg>${shiftForward}==0</arg>
<arg>Click Element</arg>
<arg>css=#dateOfBirth &gt; div.react-datepicker__tab-loop &gt; div.react-datepicker-popper &gt; div &gt; div &gt; button.react-datepicker__navigation.react-datepicker__navigation--previous</arg>
</arguments>
<kw name="Click Element" library="SeleniumLibrary">
<doc>Click the element identified by ``locator``.</doc>
<arguments>
<arg>css=#dateOfBirth &gt; div.react-datepicker__tab-loop &gt; div.react-datepicker-popper &gt; div &gt; div &gt; button.react-datepicker__navigation.react-datepicker__navigation--previous</arg>
</arguments>
<msg timestamp="20201127 08:51:11.317" level="INFO">Clicking element 'css=#dateOfBirth &gt; div.react-datepicker__tab-loop &gt; div.react-datepicker-popper &gt; div &gt; div &gt; button.react-datepicker__navigation.react-datepicker__navigation--previous'.</msg>
<status status="PASS" starttime="20201127 08:51:11.317" endtime="20201127 08:51:11.446"></status>
</kw>
<status status="PASS" starttime="20201127 08:51:11.316" endtime="20201127 08:51:11.446"></status>
</kw>
<kw name="Run Keyword If" library="BuiltIn">
<doc>Runs the given keyword with the given arguments, if ``condition`` is true.</doc>
<arguments>
<arg>${shiftForward}==1</arg>
<arg>Click Element</arg>
<arg>css=#dateOfBirth &gt; div.react-datepicker__tab-loop &gt; div.react-datepicker-popper &gt; div &gt; div &gt; button.react-datepicker__navigation.react-datepicker__navigation--previous</arg>
</arguments>
<status status="PASS" starttime="20201127 08:51:11.446" endtime="20201127 08:51:11.447"></status>
</kw>
<status status="PASS" starttime="20201127 08:51:11.316" endtime="20201127 08:51:11.447"></status>
</kw>
<kw name="${var} = 1" type="foritem">
<kw name="Run Keyword If" library="BuiltIn">
<doc>Runs the given keyword with the given arguments, if ``condition`` is true.</doc>
<arguments>
<arg>${shiftForward}==0</arg>
<arg>Click Element</arg>
<arg>css=#dateOfBirth &gt; div.react-datepicker__tab-loop &gt; div.react-datepicker-popper &gt; div &gt; div &gt; button.react-datepicker__navigation.react-datepicker__navigation--previous</arg>
</arguments>
<kw name="Click Element" library="SeleniumLibrary">
<doc>Click the element identified by ``locator``.</doc>
<arguments>
<arg>css=#dateOfBirth &gt; div.react-datepicker__tab-loop &gt; div.react-datepicker-popper &gt; div &gt; div &gt; button.react-datepicker__navigation.react-datepicker__navigation--previous</arg>
</arguments>
<msg timestamp="20201127 08:51:11.448" level="INFO">Clicking element 'css=#dateOfBirth &gt; div.react-datepicker__tab-loop &gt; div.react-datepicker-popper &gt; div &gt; div &gt; button.react-datepicker__navigation.react-datepicker__navigation--previous'.</msg>
<status status="PASS" starttime="20201127 08:51:11.448" endtime="20201127 08:51:11.511"></status>
</kw>
<status status="PASS" starttime="20201127 08:51:11.447" endtime="20201127 08:51:11.511"></status>
</kw>
<kw name="Run Keyword If" library="BuiltIn">
<doc>Runs the given keyword with the given arguments, if ``condition`` is true.</doc>
<arguments>
<arg>${shiftForward}==1</arg>
<arg>Click Element</arg>
<arg>css=#dateOfBirth &gt; div.react-datepicker__tab-loop &gt; div.react-datepicker-popper &gt; div &gt; div &gt; button.react-datepicker__navigation.react-datepicker__navigation--previous</arg>
</arguments>
<status status="PASS" starttime="20201127 08:51:11.511" endtime="20201127 08:51:11.512"></status>
</kw>
<status status="PASS" starttime="20201127 08:51:11.447" endtime="20201127 08:51:11.512"></status>
</kw>
<kw name="${var} = 2" type="foritem">
<kw name="Run Keyword If" library="BuiltIn">
<doc>Runs the given keyword with the given arguments, if ``condition`` is true.</doc>
<arguments>
<arg>${shiftForward}==0</arg>
<arg>Click Element</arg>
<arg>css=#dateOfBirth &gt; div.react-datepicker__tab-loop &gt; div.react-datepicker-popper &gt; div &gt; div &gt; button.react-datepicker__navigation.react-datepicker__navigation--previous</arg>
</arguments>
<kw name="Click Element" library="SeleniumLibrary">
<doc>Click the element identified by ``locator``.</doc>
<arguments>
<arg>css=#dateOfBirth &gt; div.react-datepicker__tab-loop &gt; div.react-datepicker-popper &gt; div &gt; div &gt; button.react-datepicker__navigation.react-datepicker__navigation--previous</arg>
</arguments>
<msg timestamp="20201127 08:51:11.513" level="INFO">Clicking element 'css=#dateOfBirth &gt; div.react-datepicker__tab-loop &gt; div.react-datepicker-popper &gt; div &gt; div &gt; button.react-datepicker__navigation.react-datepicker__navigation--previous'.</msg>
<status status="PASS" starttime="20201127 08:51:11.513" endtime="20201127 08:51:11.581"></status>
</kw>
<status status="PASS" starttime="20201127 08:51:11.512" endtime="20201127 08:51:11.581"></status>
</kw>
<kw name="Run Keyword If" library="BuiltIn">
<doc>Runs the given keyword with the given arguments, if ``condition`` is true.</doc>
<arguments>
<arg>${shiftForward}==1</arg>
<arg>Click Element</arg>
<arg>css=#dateOfBirth &gt; div.react-datepicker__tab-loop &gt; div.react-datepicker-popper &gt; div &gt; div &gt; button.react-datepicker__navigation.react-datepicker__navigation--previous</arg>
</arguments>
<status status="PASS" starttime="20201127 08:51:11.581" endtime="20201127 08:51:11.582"></status>
</kw>
<status status="PASS" starttime="20201127 08:51:11.512" endtime="20201127 08:51:11.582"></status>
</kw>
<kw name="${var} = 3" type="foritem">
<kw name="Run Keyword If" library="BuiltIn">
<doc>Runs the given keyword with the given arguments, if ``condition`` is true.</doc>
<arguments>
<arg>${shiftForward}==0</arg>
<arg>Click Element</arg>
<arg>css=#dateOfBirth &gt; div.react-datepicker__tab-loop &gt; div.react-datepicker-popper &gt; div &gt; div &gt; button.react-datepicker__navigation.react-datepicker__navigation--previous</arg>
</arguments>
<kw name="Click Element" library="SeleniumLibrary">
<doc>Click the element identified by ``locator``.</doc>
<arguments>
<arg>css=#dateOfBirth &gt; div.react-datepicker__tab-loop &gt; div.react-datepicker-popper &gt; div &gt; div &gt; button.react-datepicker__navigation.react-datepicker__navigation--previous</arg>
</arguments>
<msg timestamp="20201127 08:51:11.584" level="INFO">Clicking element 'css=#dateOfBirth &gt; div.react-datepicker__tab-loop &gt; div.react-datepicker-popper &gt; div &gt; div &gt; button.react-datepicker__navigation.react-datepicker__navigation--previous'.</msg>
<status status="PASS" starttime="20201127 08:51:11.583" endtime="20201127 08:51:11.657"></status>
</kw>
<status status="PASS" starttime="20201127 08:51:11.583" endtime="20201127 08:51:11.657"></status>
</kw>
<kw name="Run Keyword If" library="BuiltIn">
<doc>Runs the given keyword with the given arguments, if ``condition`` is true.</doc>
<arguments>
<arg>${shiftForward}==1</arg>
<arg>Click Element</arg>
<arg>css=#dateOfBirth &gt; div.react-datepicker__tab-loop &gt; div.react-datepicker-popper &gt; div &gt; div &gt; button.react-datepicker__navigation.react-datepicker__navigation--previous</arg>
</arguments>
<status status="PASS" starttime="20201127 08:51:11.657" endtime="20201127 08:51:11.658"></status>
</kw>
<status status="PASS" starttime="20201127 08:51:11.582" endtime="20201127 08:51:11.658"></status>
</kw>
<kw name="${var} = 4" type="foritem">
<kw name="Run Keyword If" library="BuiltIn">
<doc>Runs the given keyword with the given arguments, if ``condition`` is true.</doc>
<arguments>
<arg>${shiftForward}==0</arg>
<arg>Click Element</arg>
<arg>css=#dateOfBirth &gt; div.react-datepicker__tab-loop &gt; div.react-datepicker-popper &gt; div &gt; div &gt; button.react-datepicker__navigation.react-datepicker__navigation--previous</arg>
</arguments>
<kw name="Click Element" library="SeleniumLibrary">
<doc>Click the element identified by ``locator``.</doc>
<arguments>
<arg>css=#dateOfBirth &gt; div.react-datepicker__tab-loop &gt; div.react-datepicker-popper &gt; div &gt; div &gt; button.react-datepicker__navigation.react-datepicker__navigation--previous</arg>
</arguments>
<msg timestamp="20201127 08:51:11.660" level="INFO">Clicking element 'css=#dateOfBirth &gt; div.react-datepicker__tab-loop &gt; div.react-datepicker-popper &gt; div &gt; div &gt; button.react-datepicker__navigation.react-datepicker__navigation--previous'.</msg>
<status status="PASS" starttime="20201127 08:51:11.659" endtime="20201127 08:51:11.727"></status>
</kw>
<status status="PASS" starttime="20201127 08:51:11.658" endtime="20201127 08:51:11.728"></status>
</kw>
<kw name="Run Keyword If" library="BuiltIn">
<doc>Runs the given keyword with the given arguments, if ``condition`` is true.</doc>
<arguments>
<arg>${shiftForward}==1</arg>
<arg>Click Element</arg>
<arg>css=#dateOfBirth &gt; div.react-datepicker__tab-loop &gt; div.react-datepicker-popper &gt; div &gt; div &gt; button.react-datepicker__navigation.react-datepicker__navigation--previous</arg>
</arguments>
<status status="PASS" starttime="20201127 08:51:11.728" endtime="20201127 08:51:11.728"></status>
</kw>
<status status="PASS" starttime="20201127 08:51:11.658" endtime="20201127 08:51:11.728"></status>
</kw>
<kw name="${var} = 5" type="foritem">
<kw name="Run Keyword If" library="BuiltIn">
<doc>Runs the given keyword with the given arguments, if ``condition`` is true.</doc>
<arguments>
<arg>${shiftForward}==0</arg>
<arg>Click Element</arg>
<arg>css=#dateOfBirth &gt; div.react-datepicker__tab-loop &gt; div.react-datepicker-popper &gt; div &gt; div &gt; button.react-datepicker__navigation.react-datepicker__navigation--previous</arg>
</arguments>
<kw name="Click Element" library="SeleniumLibrary">
<doc>Click the element identified by ``locator``.</doc>
<arguments>
<arg>css=#dateOfBirth &gt; div.react-datepicker__tab-loop &gt; div.react-datepicker-popper &gt; div &gt; div &gt; button.react-datepicker__navigation.react-datepicker__navigation--previous</arg>
</arguments>
<msg timestamp="20201127 08:51:11.729" level="INFO">Clicking element 'css=#dateOfBirth &gt; div.react-datepicker__tab-loop &gt; div.react-datepicker-popper &gt; div &gt; div &gt; button.react-datepicker__navigation.react-datepicker__navigation--previous'.</msg>
<status status="PASS" starttime="20201127 08:51:11.729" endtime="20201127 08:51:11.807"></status>
</kw>
<status status="PASS" starttime="20201127 08:51:11.728" endtime="20201127 08:51:11.808"></status>
</kw>
<kw name="Run Keyword If" library="BuiltIn">
<doc>Runs the given keyword with the given arguments, if ``condition`` is true.</doc>
<arguments>
<arg>${shiftForward}==1</arg>
<arg>Click Element</arg>
<arg>css=#dateOfBirth &gt; div.react-datepicker__tab-loop &gt; div.react-datepicker-popper &gt; div &gt; div &gt; button.react-datepicker__navigation.react-datepicker__navigation--previous</arg>
</arguments>
<status status="PASS" starttime="20201127 08:51:11.808" endtime="20201127 08:51:11.809"></status>
</kw>
<status status="PASS" starttime="20201127 08:51:11.728" endtime="20201127 08:51:11.809"></status>
</kw>
<kw name="${var} = 6" type="foritem">
<kw name="Run Keyword If" library="BuiltIn">
<doc>Runs the given keyword with the given arguments, if ``condition`` is true.</doc>
<arguments>
<arg>${shiftForward}==0</arg>
<arg>Click Element</arg>
<arg>css=#dateOfBirth &gt; div.react-datepicker__tab-loop &gt; div.react-datepicker-popper &gt; div &gt; div &gt; button.react-datepicker__navigation.react-datepicker__navigation--previous</arg>
</arguments>
<kw name="Click Element" library="SeleniumLibrary">
<doc>Click the element identified by ``locator``.</doc>
<arguments>
<arg>css=#dateOfBirth &gt; div.react-datepicker__tab-loop &gt; div.react-datepicker-popper &gt; div &gt; div &gt; button.react-datepicker__navigation.react-datepicker__navigation--previous</arg>
</arguments>
<msg timestamp="20201127 08:51:11.810" level="INFO">Clicking element 'css=#dateOfBirth &gt; div.react-datepicker__tab-loop &gt; div.react-datepicker-popper &gt; div &gt; div &gt; button.react-datepicker__navigation.react-datepicker__navigation--previous'.</msg>
<status status="PASS" starttime="20201127 08:51:11.810" endtime="20201127 08:51:11.863"></status>
</kw>
<status status="PASS" starttime="20201127 08:51:11.809" endtime="20201127 08:51:11.863"></status>
</kw>
<kw name="Run Keyword If" library="BuiltIn">
<doc>Runs the given keyword with the given arguments, if ``condition`` is true.</doc>
<arguments>
<arg>${shiftForward}==1</arg>
<arg>Click Element</arg>
<arg>css=#dateOfBirth &gt; div.react-datepicker__tab-loop &gt; div.react-datepicker-popper &gt; div &gt; div &gt; button.react-datepicker__navigation.react-datepicker__navigation--previous</arg>
</arguments>
<status status="PASS" starttime="20201127 08:51:11.864" endtime="20201127 08:51:11.864"></status>
</kw>
<status status="PASS" starttime="20201127 08:51:11.809" endtime="20201127 08:51:11.864"></status>
</kw>
<kw name="${var} = 7" type="foritem">
<kw name="Run Keyword If" library="BuiltIn">
<doc>Runs the given keyword with the given arguments, if ``condition`` is true.</doc>
<arguments>
<arg>${shiftForward}==0</arg>
<arg>Click Element</arg>
<arg>css=#dateOfBirth &gt; div.react-datepicker__tab-loop &gt; div.react-datepicker-popper &gt; div &gt; div &gt; button.react-datepicker__navigation.react-datepicker__navigation--previous</arg>
</arguments>
<kw name="Click Element" library="SeleniumLibrary">
<doc>Click the element identified by ``locator``.</doc>
<arguments>
<arg>css=#dateOfBirth &gt; div.react-datepicker__tab-loop &gt; div.react-datepicker-popper &gt; div &gt; div &gt; button.react-datepicker__navigation.react-datepicker__navigation--previous</arg>
</arguments>
<msg timestamp="20201127 08:51:11.865" level="INFO">Clicking element 'css=#dateOfBirth &gt; div.react-datepicker__tab-loop &gt; div.react-datepicker-popper &gt; div &gt; div &gt; button.react-datepicker__navigation.react-datepicker__navigation--previous'.</msg>
<status status="PASS" starttime="20201127 08:51:11.865" endtime="20201127 08:51:11.914"></status>
</kw>
<status status="PASS" starttime="20201127 08:51:11.864" endtime="20201127 08:51:11.914"></status>
</kw>
<kw name="Run Keyword If" library="BuiltIn">
<doc>Runs the given keyword with the given arguments, if ``condition`` is true.</doc>
<arguments>
<arg>${shiftForward}==1</arg>
<arg>Click Element</arg>
<arg>css=#dateOfBirth &gt; div.react-datepicker__tab-loop &gt; div.react-datepicker-popper &gt; div &gt; div &gt; button.react-datepicker__navigation.react-datepicker__navigation--previous</arg>
</arguments>
<status status="PASS" starttime="20201127 08:51:11.915" endtime="20201127 08:51:11.915"></status>
</kw>
<status status="PASS" starttime="20201127 08:51:11.864" endtime="20201127 08:51:11.915"></status>
</kw>
<kw name="${var} = 8" type="foritem">
<kw name="Run Keyword If" library="BuiltIn">
<doc>Runs the given keyword with the given arguments, if ``condition`` is true.</doc>
<arguments>
<arg>${shiftForward}==0</arg>
<arg>Click Element</arg>
<arg>css=#dateOfBirth &gt; div.react-datepicker__tab-loop &gt; div.react-datepicker-popper &gt; div &gt; div &gt; button.react-datepicker__navigation.react-datepicker__navigation--previous</arg>
</arguments>
<kw name="Click Element" library="SeleniumLibrary">
<doc>Click the element identified by ``locator``.</doc>
<arguments>
<arg>css=#dateOfBirth &gt; div.react-datepicker__tab-loop &gt; div.react-datepicker-popper &gt; div &gt; div &gt; button.react-datepicker__navigation.react-datepicker__navigation--previous</arg>
</arguments>
<msg timestamp="20201127 08:51:11.916" level="INFO">Clicking element 'css=#dateOfBirth &gt; div.react-datepicker__tab-loop &gt; div.react-datepicker-popper &gt; div &gt; div &gt; button.react-datepicker__navigation.react-datepicker__navigation--previous'.</msg>
<status status="PASS" starttime="20201127 08:51:11.916" endtime="20201127 08:51:11.994"></status>
</kw>
<status status="PASS" starttime="20201127 08:51:11.915" endtime="20201127 08:51:11.995"></status>
</kw>
<kw name="Run Keyword If" library="BuiltIn">
<doc>Runs the given keyword with the given arguments, if ``condition`` is true.</doc>
<arguments>
<arg>${shiftForward}==1</arg>
<arg>Click Element</arg>
<arg>css=#dateOfBirth &gt; div.react-datepicker__tab-loop &gt; div.react-datepicker-popper &gt; div &gt; div &gt; button.react-datepicker__navigation.react-datepicker__navigation--previous</arg>
</arguments>
<status status="PASS" starttime="20201127 08:51:11.995" endtime="20201127 08:51:11.995"></status>
</kw>
<status status="PASS" starttime="20201127 08:51:11.915" endtime="20201127 08:51:11.995"></status>
</kw>
<kw name="${var} = 9" type="foritem">
<kw name="Run Keyword If" library="BuiltIn">
<doc>Runs the given keyword with the given arguments, if ``condition`` is true.</doc>
<arguments>
<arg>${shiftForward}==0</arg>
<arg>Click Element</arg>
<arg>css=#dateOfBirth &gt; div.react-datepicker__tab-loop &gt; div.react-datepicker-popper &gt; div &gt; div &gt; button.react-datepicker__navigation.react-datepicker__navigation--previous</arg>
</arguments>
<kw name="Click Element" library="SeleniumLibrary">
<doc>Click the element identified by ``locator``.</doc>
<arguments>
<arg>css=#dateOfBirth &gt; div.react-datepicker__tab-loop &gt; div.react-datepicker-popper &gt; div &gt; div &gt; button.react-datepicker__navigation.react-datepicker__navigation--previous</arg>
</arguments>
<msg timestamp="20201127 08:51:11.996" level="INFO">Clicking element 'css=#dateOfBirth &gt; div.react-datepicker__tab-loop &gt; div.react-datepicker-popper &gt; div &gt; div &gt; button.react-datepicker__navigation.react-datepicker__navigation--previous'.</msg>
<status status="PASS" starttime="20201127 08:51:11.996" endtime="20201127 08:51:12.047"></status>
</kw>
<status status="PASS" starttime="20201127 08:51:11.995" endtime="20201127 08:51:12.048"></status>
</kw>
<kw name="Run Keyword If" library="BuiltIn">
<doc>Runs the given keyword with the given arguments, if ``condition`` is true.</doc>
<arguments>
<arg>${shiftForward}==1</arg>
<arg>Click Element</arg>
<arg>css=#dateOfBirth &gt; div.react-datepicker__tab-loop &gt; div.react-datepicker-popper &gt; div &gt; div &gt; button.react-datepicker__navigation.react-datepicker__navigation--previous</arg>
</arguments>
<status status="PASS" starttime="20201127 08:51:12.048" endtime="20201127 08:51:12.048"></status>
</kw>
<status status="PASS" starttime="20201127 08:51:11.995" endtime="20201127 08:51:12.049"></status>
</kw>
<kw name="${var} = 10" type="foritem">
<kw name="Run Keyword If" library="BuiltIn">
<doc>Runs the given keyword with the given arguments, if ``condition`` is true.</doc>
<arguments>
<arg>${shiftForward}==0</arg>
<arg>Click Element</arg>
<arg>css=#dateOfBirth &gt; div.react-datepicker__tab-loop &gt; div.react-datepicker-popper &gt; div &gt; div &gt; button.react-datepicker__navigation.react-datepicker__navigation--previous</arg>
</arguments>
<kw name="Click Element" library="SeleniumLibrary">
<doc>Click the element identified by ``locator``.</doc>
<arguments>
<arg>css=#dateOfBirth &gt; div.react-datepicker__tab-loop &gt; div.react-datepicker-popper &gt; div &gt; div &gt; button.react-datepicker__navigation.react-datepicker__navigation--previous</arg>
</arguments>
<msg timestamp="20201127 08:51:12.050" level="INFO">Clicking element 'css=#dateOfBirth &gt; div.react-datepicker__tab-loop &gt; div.react-datepicker-popper &gt; div &gt; div &gt; button.react-datepicker__navigation.react-datepicker__navigation--previous'.</msg>
<status status="PASS" starttime="20201127 08:51:12.050" endtime="20201127 08:51:12.105"></status>
</kw>
<status status="PASS" starttime="20201127 08:51:12.049" endtime="20201127 08:51:12.106"></status>
</kw>
<kw name="Run Keyword If" library="BuiltIn">
<doc>Runs the given keyword with the given arguments, if ``condition`` is true.</doc>
<arguments>
<arg>${shiftForward}==1</arg>
<arg>Click Element</arg>
<arg>css=#dateOfBirth &gt; div.react-datepicker__tab-loop &gt; div.react-datepicker-popper &gt; div &gt; div &gt; button.react-datepicker__navigation.react-datepicker__navigation--previous</arg>
</arguments>
<status status="PASS" starttime="20201127 08:51:12.106" endtime="20201127 08:51:12.106"></status>
</kw>
<status status="PASS" starttime="20201127 08:51:12.049" endtime="20201127 08:51:12.106"></status>
</kw>
<kw name="${var} = 11" type="foritem">
<kw name="Run Keyword If" library="BuiltIn">
<doc>Runs the given keyword with the given arguments, if ``condition`` is true.</doc>
<arguments>
<arg>${shiftForward}==0</arg>
<arg>Click Element</arg>
<arg>css=#dateOfBirth &gt; div.react-datepicker__tab-loop &gt; div.react-datepicker-popper &gt; div &gt; div &gt; button.react-datepicker__navigation.react-datepicker__navigation--previous</arg>
</arguments>
<kw name="Click Element" library="SeleniumLibrary">
<doc>Click the element identified by ``locator``.</doc>
<arguments>
<arg>css=#dateOfBirth &gt; div.react-datepicker__tab-loop &gt; div.react-datepicker-popper &gt; div &gt; div &gt; button.react-datepicker__navigation.react-datepicker__navigation--previous</arg>
</arguments>
<msg timestamp="20201127 08:51:12.107" level="INFO">Clicking element 'css=#dateOfBirth &gt; div.react-datepicker__tab-loop &gt; div.react-datepicker-popper &gt; div &gt; div &gt; button.react-datepicker__navigation.react-datepicker__navigation--previous'.</msg>
<status status="PASS" starttime="20201127 08:51:12.107" endtime="20201127 08:51:12.162"></status>
</kw>
<status status="PASS" starttime="20201127 08:51:12.107" endtime="20201127 08:51:12.162"></status>
</kw>
<kw name="Run Keyword If" library="BuiltIn">
<doc>Runs the given keyword with the given arguments, if ``condition`` is true.</doc>
<arguments>
<arg>${shiftForward}==1</arg>
<arg>Click Element</arg>
<arg>css=#dateOfBirth &gt; div.react-datepicker__tab-loop &gt; div.react-datepicker-popper &gt; div &gt; div &gt; button.react-datepicker__navigation.react-datepicker__navigation--previous</arg>
</arguments>
<status status="PASS" starttime="20201127 08:51:12.162" endtime="20201127 08:51:12.163"></status>
</kw>
<status status="PASS" starttime="20201127 08:51:12.106" endtime="20201127 08:51:12.163"></status>
</kw>
<kw name="${var} = 12" type="foritem">
<kw name="Run Keyword If" library="BuiltIn">
<doc>Runs the given keyword with the given arguments, if ``condition`` is true.</doc>
<arguments>
<arg>${shiftForward}==0</arg>
<arg>Click Element</arg>
<arg>css=#dateOfBirth &gt; div.react-datepicker__tab-loop &gt; div.react-datepicker-popper &gt; div &gt; div &gt; button.react-datepicker__navigation.react-datepicker__navigation--previous</arg>
</arguments>
<kw name="Click Element" library="SeleniumLibrary">
<doc>Click the element identified by ``locator``.</doc>
<arguments>
<arg>css=#dateOfBirth &gt; div.react-datepicker__tab-loop &gt; div.react-datepicker-popper &gt; div &gt; div &gt; button.react-datepicker__navigation.react-datepicker__navigation--previous</arg>
</arguments>
<msg timestamp="20201127 08:51:12.165" level="INFO">Clicking element 'css=#dateOfBirth &gt; div.react-datepicker__tab-loop &gt; div.react-datepicker-popper &gt; div &gt; div &gt; button.react-datepicker__navigation.react-datepicker__navigation--previous'.</msg>
<status status="PASS" starttime="20201127 08:51:12.164" endtime="20201127 08:51:12.217"></status>
</kw>
<status status="PASS" starttime="20201127 08:51:12.164" endtime="20201127 08:51:12.217"></status>
</kw>
<kw name="Run Keyword If" library="BuiltIn">
<doc>Runs the given keyword with the given arguments, if ``condition`` is true.</doc>
<arguments>
<arg>${shiftForward}==1</arg>
<arg>Click Element</arg>
<arg>css=#dateOfBirth &gt; div.react-datepicker__tab-loop &gt; div.react-datepicker-popper &gt; div &gt; div &gt; button.react-datepicker__navigation.react-datepicker__navigation--previous</arg>
</arguments>
<status status="PASS" starttime="20201127 08:51:12.217" endtime="20201127 08:51:12.217"></status>
</kw>
<status status="PASS" starttime="20201127 08:51:12.163" endtime="20201127 08:51:12.217"></status>
</kw>
<kw name="${var} = 13" type="foritem">
<kw name="Run Keyword If" library="BuiltIn">
<doc>Runs the given keyword with the given arguments, if ``condition`` is true.</doc>
<arguments>
<arg>${shiftForward}==0</arg>
<arg>Click Element</arg>
<arg>css=#dateOfBirth &gt; div.react-datepicker__tab-loop &gt; div.react-datepicker-popper &gt; div &gt; div &gt; button.react-datepicker__navigation.react-datepicker__navigation--previous</arg>
</arguments>
<kw name="Click Element" library="SeleniumLibrary">
<doc>Click the element identified by ``locator``.</doc>
<arguments>
<arg>css=#dateOfBirth &gt; div.react-datepicker__tab-loop &gt; div.react-datepicker-popper &gt; div &gt; div &gt; button.react-datepicker__navigation.react-datepicker__navigation--previous</arg>
</arguments>
<msg timestamp="20201127 08:51:12.218" level="INFO">Clicking element 'css=#dateOfBirth &gt; div.react-datepicker__tab-loop &gt; div.react-datepicker-popper &gt; div &gt; div &gt; button.react-datepicker__navigation.react-datepicker__navigation--previous'.</msg>
<status status="PASS" starttime="20201127 08:51:12.218" endtime="20201127 08:51:12.267"></status>
</kw>
<status status="PASS" starttime="20201127 08:51:12.217" endtime="20201127 08:51:12.267"></status>
</kw>
<kw name="Run Keyword If" library="BuiltIn">
<doc>Runs the given keyword with the given arguments, if ``condition`` is true.</doc>
<arguments>
<arg>${shiftForward}==1</arg>
<arg>Click Element</arg>
<arg>css=#dateOfBirth &gt; div.react-datepicker__tab-loop &gt; div.react-datepicker-popper &gt; div &gt; div &gt; button.react-datepicker__navigation.react-datepicker__navigation--previous</arg>
</arguments>
<status status="PASS" starttime="20201127 08:51:12.268" endtime="20201127 08:51:12.268"></status>
</kw>
<status status="PASS" starttime="20201127 08:51:12.217" endtime="20201127 08:51:12.268"></status>
</kw>
<kw name="${var} = 14" type="foritem">
<kw name="Run Keyword If" library="BuiltIn">
<doc>Runs the given keyword with the given arguments, if ``condition`` is true.</doc>
<arguments>
<arg>${shiftForward}==0</arg>
<arg>Click Element</arg>
<arg>css=#dateOfBirth &gt; div.react-datepicker__tab-loop &gt; div.react-datepicker-popper &gt; div &gt; div &gt; button.react-datepicker__navigation.react-datepicker__navigation--previous</arg>
</arguments>
<kw name="Click Element" library="SeleniumLibrary">
<doc>Click the element identified by ``locator``.</doc>
<arguments>
<arg>css=#dateOfBirth &gt; div.react-datepicker__tab-loop &gt; div.react-datepicker-popper &gt; div &gt; div &gt; button.react-datepicker__navigation.react-datepicker__navigation--previous</arg>
</arguments>
<msg timestamp="20201127 08:51:12.269" level="INFO">Clicking element 'css=#dateOfBirth &gt; div.react-datepicker__tab-loop &gt; div.react-datepicker-popper &gt; div &gt; div &gt; button.react-datepicker__navigation.react-datepicker__navigation--previous'.</msg>
<status status="PASS" starttime="20201127 08:51:12.269" endtime="20201127 08:51:12.323"></status>
</kw>
<status status="PASS" starttime="20201127 08:51:12.268" endtime="20201127 08:51:12.323"></status>
</kw>
<kw name="Run Keyword If" library="BuiltIn">
<doc>Runs the given keyword with the given arguments, if ``condition`` is true.</doc>
<arguments>
<arg>${shiftForward}==1</arg>
<arg>Click Element</arg>
<arg>css=#dateOfBirth &gt; div.react-datepicker__tab-loop &gt; div.react-datepicker-popper &gt; div &gt; div &gt; button.react-datepicker__navigation.react-datepicker__navigation--previous</arg>
</arguments>
<status status="PASS" starttime="20201127 08:51:12.323" endtime="20201127 08:51:12.324"></status>
</kw>
<status status="PASS" starttime="20201127 08:51:12.268" endtime="20201127 08:51:12.324"></status>
</kw>
<kw name="${var} = 15" type="foritem">
<kw name="Run Keyword If" library="BuiltIn">
<doc>Runs the given keyword with the given arguments, if ``condition`` is true.</doc>
<arguments>
<arg>${shiftForward}==0</arg>
<arg>Click Element</arg>
<arg>css=#dateOfBirth &gt; div.react-datepicker__tab-loop &gt; div.react-datepicker-popper &gt; div &gt; div &gt; button.react-datepicker__navigation.react-datepicker__navigation--previous</arg>
</arguments>
<kw name="Click Element" library="SeleniumLibrary">
<doc>Click the element identified by ``locator``.</doc>
<arguments>
<arg>css=#dateOfBirth &gt; div.react-datepicker__tab-loop &gt; div.react-datepicker-popper &gt; div &gt; div &gt; button.react-datepicker__navigation.react-datepicker__navigation--previous</arg>
</arguments>
<msg timestamp="20201127 08:51:12.325" level="INFO">Clicking element 'css=#dateOfBirth &gt; div.react-datepicker__tab-loop &gt; div.react-datepicker-popper &gt; div &gt; div &gt; button.react-datepicker__navigation.react-datepicker__navigation--previous'.</msg>
<status status="PASS" starttime="20201127 08:51:12.325" endtime="20201127 08:51:12.378"></status>
</kw>
<status status="PASS" starttime="20201127 08:51:12.324" endtime="20201127 08:51:12.379"></status>
</kw>
<kw name="Run Keyword If" library="BuiltIn">
<doc>Runs the given keyword with the given arguments, if ``condition`` is true.</doc>
<arguments>
<arg>${shiftForward}==1</arg>
<arg>Click Element</arg>
<arg>css=#dateOfBirth &gt; div.react-datepicker__tab-loop &gt; div.react-datepicker-popper &gt; div &gt; div &gt; button.react-datepicker__navigation.react-datepicker__navigation--previous</arg>
</arguments>
<status status="PASS" starttime="20201127 08:51:12.379" endtime="20201127 08:51:12.379"></status>
</kw>
<status status="PASS" starttime="20201127 08:51:12.324" endtime="20201127 08:51:12.379"></status>
</kw>
<kw name="${var} = 16" type="foritem">
<kw name="Run Keyword If" library="BuiltIn">
<doc>Runs the given keyword with the given arguments, if ``condition`` is true.</doc>
<arguments>
<arg>${shiftForward}==0</arg>
<arg>Click Element</arg>
<arg>css=#dateOfBirth &gt; div.react-datepicker__tab-loop &gt; div.react-datepicker-popper &gt; div &gt; div &gt; button.react-datepicker__navigation.react-datepicker__navigation--previous</arg>
</arguments>
<kw name="Click Element" library="SeleniumLibrary">
<doc>Click the element identified by ``locator``.</doc>
<arguments>
<arg>css=#dateOfBirth &gt; div.react-datepicker__tab-loop &gt; div.react-datepicker-popper &gt; div &gt; div &gt; button.react-datepicker__navigation.react-datepicker__navigation--previous</arg>
</arguments>
<msg timestamp="20201127 08:51:12.380" level="INFO">Clicking element 'css=#dateOfBirth &gt; div.react-datepicker__tab-loop &gt; div.react-datepicker-popper &gt; div &gt; div &gt; button.react-datepicker__navigation.react-datepicker__navigation--previous'.</msg>
<status status="PASS" starttime="20201127 08:51:12.380" endtime="20201127 08:51:12.436"></status>
</kw>
<status status="PASS" starttime="20201127 08:51:12.380" endtime="20201127 08:51:12.436"></status>
</kw>
<kw name="Run Keyword If" library="BuiltIn">
<doc>Runs the given keyword with the given arguments, if ``condition`` is true.</doc>
<arguments>
<arg>${shiftForward}==1</arg>
<arg>Click Element</arg>
<arg>css=#dateOfBirth &gt; div.react-datepicker__tab-loop &gt; div.react-datepicker-popper &gt; div &gt; div &gt; button.react-datepicker__navigation.react-datepicker__navigation--previous</arg>
</arguments>
<status status="PASS" starttime="20201127 08:51:12.437" endtime="20201127 08:51:12.437"></status>
</kw>
<status status="PASS" starttime="20201127 08:51:12.379" endtime="20201127 08:51:12.437"></status>
</kw>
<kw name="${var} = 17" type="foritem">
<kw name="Run Keyword If" library="BuiltIn">
<doc>Runs the given keyword with the given arguments, if ``condition`` is true.</doc>
<arguments>
<arg>${shiftForward}==0</arg>
<arg>Click Element</arg>
<arg>css=#dateOfBirth &gt; div.react-datepicker__tab-loop &gt; div.react-datepicker-popper &gt; div &gt; div &gt; button.react-datepicker__navigation.react-datepicker__navigation--previous</arg>
</arguments>
<kw name="Click Element" library="SeleniumLibrary">
<doc>Click the element identified by ``locator``.</doc>
<arguments>
<arg>css=#dateOfBirth &gt; div.react-datepicker__tab-loop &gt; div.react-datepicker-popper &gt; div &gt; div &gt; button.react-datepicker__navigation.react-datepicker__navigation--previous</arg>
</arguments>
<msg timestamp="20201127 08:51:12.439" level="INFO">Clicking element 'css=#dateOfBirth &gt; div.react-datepicker__tab-loop &gt; div.react-datepicker-popper &gt; div &gt; div &gt; button.react-datepicker__navigation.react-datepicker__navigation--previous'.</msg>
<status status="PASS" starttime="20201127 08:51:12.438" endtime="20201127 08:51:12.491"></status>
</kw>
<status status="PASS" starttime="20201127 08:51:12.438" endtime="20201127 08:51:12.491"></status>
</kw>
<kw name="Run Keyword If" library="BuiltIn">
<doc>Runs the given keyword with the given arguments, if ``condition`` is true.</doc>
<arguments>
<arg>${shiftForward}==1</arg>
<arg>Click Element</arg>
<arg>css=#dateOfBirth &gt; div.react-datepicker__tab-loop &gt; div.react-datepicker-popper &gt; div &gt; div &gt; button.react-datepicker__navigation.react-datepicker__navigation--previous</arg>
</arguments>
<status status="PASS" starttime="20201127 08:51:12.491" endtime="20201127 08:51:12.491"></status>
</kw>
<status status="PASS" starttime="20201127 08:51:12.437" endtime="20201127 08:51:12.492"></status>
</kw>
<kw name="${var} = 18" type="foritem">
<kw name="Run Keyword If" library="BuiltIn">
<doc>Runs the given keyword with the given arguments, if ``condition`` is true.</doc>
<arguments>
<arg>${shiftForward}==0</arg>
<arg>Click Element</arg>
<arg>css=#dateOfBirth &gt; div.react-datepicker__tab-loop &gt; div.react-datepicker-popper &gt; div &gt; div &gt; button.react-datepicker__navigation.react-datepicker__navigation--previous</arg>
</arguments>
<kw name="Click Element" library="SeleniumLibrary">
<doc>Click the element identified by ``locator``.</doc>
<arguments>
<arg>css=#dateOfBirth &gt; div.react-datepicker__tab-loop &gt; div.react-datepicker-popper &gt; div &gt; div &gt; button.react-datepicker__navigation.react-datepicker__navigation--previous</arg>
</arguments>
<msg timestamp="20201127 08:51:12.492" level="INFO">Clicking element 'css=#dateOfBirth &gt; div.react-datepicker__tab-loop &gt; div.react-datepicker-popper &gt; div &gt; div &gt; button.react-datepicker__navigation.react-datepicker__navigation--previous'.</msg>
<status status="PASS" starttime="20201127 08:51:12.492" endtime="20201127 08:51:12.543"></status>
</kw>
<status status="PASS" starttime="20201127 08:51:12.492" endtime="20201127 08:51:12.543"></status>
</kw>
<kw name="Run Keyword If" library="BuiltIn">
<doc>Runs the given keyword with the given arguments, if ``condition`` is true.</doc>
<arguments>
<arg>${shiftForward}==1</arg>
<arg>Click Element</arg>
<arg>css=#dateOfBirth &gt; div.react-datepicker__tab-loop &gt; div.react-datepicker-popper &gt; div &gt; div &gt; button.react-datepicker__navigation.react-datepicker__navigation--previous</arg>
</arguments>
<status status="PASS" starttime="20201127 08:51:12.543" endtime="20201127 08:51:12.543"></status>
</kw>
<status status="PASS" starttime="20201127 08:51:12.492" endtime="20201127 08:51:12.543"></status>
</kw>
<kw name="${var} = 19" type="foritem">
<kw name="Run Keyword If" library="BuiltIn">
<doc>Runs the given keyword with the given arguments, if ``condition`` is true.</doc>
<arguments>
<arg>${shiftForward}==0</arg>
<arg>Click Element</arg>
<arg>css=#dateOfBirth &gt; div.react-datepicker__tab-loop &gt; div.react-datepicker-popper &gt; div &gt; div &gt; button.react-datepicker__navigation.react-datepicker__navigation--previous</arg>
</arguments>
<kw name="Click Element" library="SeleniumLibrary">
<doc>Click the element identified by ``locator``.</doc>
<arguments>
<arg>css=#dateOfBirth &gt; div.react-datepicker__tab-loop &gt; div.react-datepicker-popper &gt; div &gt; div &gt; button.react-datepicker__navigation.react-datepicker__navigation--previous</arg>
</arguments>
<msg timestamp="20201127 08:51:12.544" level="INFO">Clicking element 'css=#dateOfBirth &gt; div.react-datepicker__tab-loop &gt; div.react-datepicker-popper &gt; div &gt; div &gt; button.react-datepicker__navigation.react-datepicker__navigation--previous'.</msg>
<status status="PASS" starttime="20201127 08:51:12.544" endtime="20201127 08:51:12.599"></status>
</kw>
<status status="PASS" starttime="20201127 08:51:12.544" endtime="20201127 08:51:12.599"></status>
</kw>
<kw name="Run Keyword If" library="BuiltIn">
<doc>Runs the given keyword with the given arguments, if ``condition`` is true.</doc>
<arguments>
<arg>${shiftForward}==1</arg>
<arg>Click Element</arg>
<arg>css=#dateOfBirth &gt; div.react-datepicker__tab-loop &gt; div.react-datepicker-popper &gt; div &gt; div &gt; button.react-datepicker__navigation.react-datepicker__navigation--previous</arg>
</arguments>
<status status="PASS" starttime="20201127 08:51:12.599" endtime="20201127 08:51:12.600"></status>
</kw>
<status status="PASS" starttime="20201127 08:51:12.544" endtime="20201127 08:51:12.600"></status>
</kw>
<kw name="${var} = 20" type="foritem">
<kw name="Run Keyword If" library="BuiltIn">
<doc>Runs the given keyword with the given arguments, if ``condition`` is true.</doc>
<arguments>
<arg>${shiftForward}==0</arg>
<arg>Click Element</arg>
<arg>css=#dateOfBirth &gt; div.react-datepicker__tab-loop &gt; div.react-datepicker-popper &gt; div &gt; div &gt; button.react-datepicker__navigation.react-datepicker__navigation--previous</arg>
</arguments>
<kw name="Click Element" library="SeleniumLibrary">
<doc>Click the element identified by ``locator``.</doc>
<arguments>
<arg>css=#dateOfBirth &gt; div.react-datepicker__tab-loop &gt; div.react-datepicker-popper &gt; div &gt; div &gt; button.react-datepicker__navigation.react-datepicker__navigation--previous</arg>
</arguments>
<msg timestamp="20201127 08:51:12.601" level="INFO">Clicking element 'css=#dateOfBirth &gt; div.react-datepicker__tab-loop &gt; div.react-datepicker-popper &gt; div &gt; div &gt; button.react-datepicker__navigation.react-datepicker__navigation--previous'.</msg>
<status status="PASS" starttime="20201127 08:51:12.601" endtime="20201127 08:51:12.653"></status>
</kw>
<status status="PASS" starttime="20201127 08:51:12.601" endtime="20201127 08:51:12.653"></status>
</kw>
<kw name="Run Keyword If" library="BuiltIn">
<doc>Runs the given keyword with the given arguments, if ``condition`` is true.</doc>
<arguments>
<arg>${shiftForward}==1</arg>
<arg>Click Element</arg>
<arg>css=#dateOfBirth &gt; div.react-datepicker__tab-loop &gt; div.react-datepicker-popper &gt; div &gt; div &gt; button.react-datepicker__navigation.react-datepicker__navigation--previous</arg>
</arguments>
<status status="PASS" starttime="20201127 08:51:12.653" endtime="20201127 08:51:12.653"></status>
</kw>
<status status="PASS" starttime="20201127 08:51:12.600" endtime="20201127 08:51:12.653"></status>
</kw>
<kw name="${var} = 21" type="foritem">
<kw name="Run Keyword If" library="BuiltIn">
<doc>Runs the given keyword with the given arguments, if ``condition`` is true.</doc>
<arguments>
<arg>${shiftForward}==0</arg>
<arg>Click Element</arg>
<arg>css=#dateOfBirth &gt; div.react-datepicker__tab-loop &gt; div.react-datepicker-popper &gt; div &gt; div &gt; button.react-datepicker__navigation.react-datepicker__navigation--previous</arg>
</arguments>
<kw name="Click Element" library="SeleniumLibrary">
<doc>Click the element identified by ``locator``.</doc>
<arguments>
<arg>css=#dateOfBirth &gt; div.react-datepicker__tab-loop &gt; div.react-datepicker-popper &gt; div &gt; div &gt; button.react-datepicker__navigation.react-datepicker__navigation--previous</arg>
</arguments>
<msg timestamp="20201127 08:51:12.655" level="INFO">Clicking element 'css=#dateOfBirth &gt; div.react-datepicker__tab-loop &gt; div.react-datepicker-popper &gt; div &gt; div &gt; button.react-datepicker__navigation.react-datepicker__navigation--previous'.</msg>
<status status="PASS" starttime="20201127 08:51:12.654" endtime="20201127 08:51:12.708"></status>
</kw>
<status status="PASS" starttime="20201127 08:51:12.654" endtime="20201127 08:51:12.708"></status>
</kw>
<kw name="Run Keyword If" library="BuiltIn">
<doc>Runs the given keyword with the given arguments, if ``condition`` is true.</doc>
<arguments>
<arg>${shiftForward}==1</arg>
<arg>Click Element</arg>
<arg>css=#dateOfBirth &gt; div.react-datepicker__tab-loop &gt; div.react-datepicker-popper &gt; div &gt; div &gt; button.react-datepicker__navigation.react-datepicker__navigation--previous</arg>
</arguments>
<status status="PASS" starttime="20201127 08:51:12.709" endtime="20201127 08:51:12.709"></status>
</kw>
<status status="PASS" starttime="20201127 08:51:12.654" endtime="20201127 08:51:12.709"></status>
</kw>
<kw name="${var} = 22" type="foritem">
<kw name="Run Keyword If" library="BuiltIn">
<doc>Runs the given keyword with the given arguments, if ``condition`` is true.</doc>
<arguments>
<arg>${shiftForward}==0</arg>
<arg>Click Element</arg>
<arg>css=#dateOfBirth &gt; div.react-datepicker__tab-loop &gt; div.react-datepicker-popper &gt; div &gt; div &gt; button.react-datepicker__navigation.react-datepicker__navigation--previous</arg>
</arguments>
<kw name="Click Element" library="SeleniumLibrary">
<doc>Click the element identified by ``locator``.</doc>
<arguments>
<arg>css=#dateOfBirth &gt; div.react-datepicker__tab-loop &gt; div.react-datepicker-popper &gt; div &gt; div &gt; button.react-datepicker__navigation.react-datepicker__navigation--previous</arg>
</arguments>
<msg timestamp="20201127 08:51:12.710" level="INFO">Clicking element 'css=#dateOfBirth &gt; div.react-datepicker__tab-loop &gt; div.react-datepicker-popper &gt; div &gt; div &gt; button.react-datepicker__navigation.react-datepicker__navigation--previous'.</msg>
<status status="PASS" starttime="20201127 08:51:12.710" endtime="20201127 08:51:12.765"></status>
</kw>
<status status="PASS" starttime="20201127 08:51:12.709" endtime="20201127 08:51:12.765"></status>
</kw>
<kw name="Run Keyword If" library="BuiltIn">
<doc>Runs the given keyword with the given arguments, if ``condition`` is true.</doc>
<arguments>
<arg>${shiftForward}==1</arg>
<arg>Click Element</arg>
<arg>css=#dateOfBirth &gt; div.react-datepicker__tab-loop &gt; div.react-datepicker-popper &gt; div &gt; div &gt; button.react-datepicker__navigation.react-datepicker__navigation--previous</arg>
</arguments>
<status status="PASS" starttime="20201127 08:51:12.766" endtime="20201127 08:51:12.766"></status>
</kw>
<status status="PASS" starttime="20201127 08:51:12.709" endtime="20201127 08:51:12.766"></status>
</kw>
<kw name="${var} = 23" type="foritem">
<kw name="Run Keyword If" library="BuiltIn">
<doc>Runs the given keyword with the given arguments, if ``condition`` is true.</doc>
<arguments>
<arg>${shiftForward}==0</arg>
<arg>Click Element</arg>
<arg>css=#dateOfBirth &gt; div.react-datepicker__tab-loop &gt; div.react-datepicker-popper &gt; div &gt; div &gt; button.react-datepicker__navigation.react-datepicker__navigation--previous</arg>
</arguments>
<kw name="Click Element" library="SeleniumLibrary">
<doc>Click the element identified by ``locator``.</doc>
<arguments>
<arg>css=#dateOfBirth &gt; div.react-datepicker__tab-loop &gt; div.react-datepicker-popper &gt; div &gt; div &gt; button.react-datepicker__navigation.react-datepicker__navigation--previous</arg>
</arguments>
<msg timestamp="20201127 08:51:12.767" level="INFO">Clicking element 'css=#dateOfBirth &gt; div.react-datepicker__tab-loop &gt; div.react-datepicker-popper &gt; div &gt; div &gt; button.react-datepicker__navigation.react-datepicker__navigation--previous'.</msg>
<status status="PASS" starttime="20201127 08:51:12.767" endtime="20201127 08:51:12.814"></status>
</kw>
<status status="PASS" starttime="20201127 08:51:12.766" endtime="20201127 08:51:12.814"></status>
</kw>
<kw name="Run Keyword If" library="BuiltIn">
<doc>Runs the given keyword with the given arguments, if ``condition`` is true.</doc>
<arguments>
<arg>${shiftForward}==1</arg>
<arg>Click Element</arg>
<arg>css=#dateOfBirth &gt; div.react-datepicker__tab-loop &gt; div.react-datepicker-popper &gt; div &gt; div &gt; button.react-datepicker__navigation.react-datepicker__navigation--previous</arg>
</arguments>
<status status="PASS" starttime="20201127 08:51:12.814" endtime="20201127 08:51:12.815"></status>
</kw>
<status status="PASS" starttime="20201127 08:51:12.766" endtime="20201127 08:51:12.815"></status>
</kw>
<kw name="${var} = 24" type="foritem">
<kw name="Run Keyword If" library="BuiltIn">
<doc>Runs the given keyword with the given arguments, if ``condition`` is true.</doc>
<arguments>
<arg>${shiftForward}==0</arg>
<arg>Click Element</arg>
<arg>css=#dateOfBirth &gt; div.react-datepicker__tab-loop &gt; div.react-datepicker-popper &gt; div &gt; div &gt; button.react-datepicker__navigation.react-datepicker__navigation--previous</arg>
</arguments>
<kw name="Click Element" library="SeleniumLibrary">
<doc>Click the element identified by ``locator``.</doc>
<arguments>
<arg>css=#dateOfBirth &gt; div.react-datepicker__tab-loop &gt; div.react-datepicker-popper &gt; div &gt; div &gt; button.react-datepicker__navigation.react-datepicker__navigation--previous</arg>
</arguments>
<msg timestamp="20201127 08:51:12.817" level="INFO">Clicking element 'css=#dateOfBirth &gt; div.react-datepicker__tab-loop &gt; div.react-datepicker-popper &gt; div &gt; div &gt; button.react-datepicker__navigation.react-datepicker__navigation--previous'.</msg>
<status status="PASS" starttime="20201127 08:51:12.816" endtime="20201127 08:51:12.875"></status>
</kw>
<status status="PASS" starttime="20201127 08:51:12.816" endtime="20201127 08:51:12.875"></status>
</kw>
<kw name="Run Keyword If" library="BuiltIn">
<doc>Runs the given keyword with the given arguments, if ``condition`` is true.</doc>
<arguments>
<arg>${shiftForward}==1</arg>
<arg>Click Element</arg>
<arg>css=#dateOfBirth &gt; div.react-datepicker__tab-loop &gt; div.react-datepicker-popper &gt; div &gt; div &gt; button.react-datepicker__navigation.react-datepicker__navigation--previous</arg>
</arguments>
<status status="PASS" starttime="20201127 08:51:12.875" endtime="20201127 08:51:12.876"></status>
</kw>
<status status="PASS" starttime="20201127 08:51:12.815" endtime="20201127 08:51:12.876"></status>
</kw>
<kw name="${var} = 25" type="foritem">
<kw name="Run Keyword If" library="BuiltIn">
<doc>Runs the given keyword with the given arguments, if ``condition`` is true.</doc>
<arguments>
<arg>${shiftForward}==0</arg>
<arg>Click Element</arg>
<arg>css=#dateOfBirth &gt; div.react-datepicker__tab-loop &gt; div.react-datepicker-popper &gt; div &gt; div &gt; button.react-datepicker__navigation.react-datepicker__navigation--previous</arg>
</arguments>
<kw name="Click Element" library="SeleniumLibrary">
<doc>Click the element identified by ``locator``.</doc>
<arguments>
<arg>css=#dateOfBirth &gt; div.react-datepicker__tab-loop &gt; div.react-datepicker-popper &gt; div &gt; div &gt; button.react-datepicker__navigation.react-datepicker__navigation--previous</arg>
</arguments>
<msg timestamp="20201127 08:51:12.877" level="INFO">Clicking element 'css=#dateOfBirth &gt; div.react-datepicker__tab-loop &gt; div.react-datepicker-popper &gt; div &gt; div &gt; button.react-datepicker__navigation.react-datepicker__navigation--previous'.</msg>
<status status="PASS" starttime="20201127 08:51:12.877" endtime="20201127 08:51:12.939"></status>
</kw>
<status status="PASS" starttime="20201127 08:51:12.876" endtime="20201127 08:51:12.939"></status>
</kw>
<kw name="Run Keyword If" library="BuiltIn">
<doc>Runs the given keyword with the given arguments, if ``condition`` is true.</doc>
<arguments>
<arg>${shiftForward}==1</arg>
<arg>Click Element</arg>
<arg>css=#dateOfBirth &gt; div.react-datepicker__tab-loop &gt; div.react-datepicker-popper &gt; div &gt; div &gt; button.react-datepicker__navigation.react-datepicker__navigation--previous</arg>
</arguments>
<status status="PASS" starttime="20201127 08:51:12.939" endtime="20201127 08:51:12.940"></status>
</kw>
<status status="PASS" starttime="20201127 08:51:12.876" endtime="20201127 08:51:12.940"></status>
</kw>
<kw name="${var} = 26" type="foritem">
<kw name="Run Keyword If" library="BuiltIn">
<doc>Runs the given keyword with the given arguments, if ``condition`` is true.</doc>
<arguments>
<arg>${shiftForward}==0</arg>
<arg>Click Element</arg>
<arg>css=#dateOfBirth &gt; div.react-datepicker__tab-loop &gt; div.react-datepicker-popper &gt; div &gt; div &gt; button.react-datepicker__navigation.react-datepicker__navigation--previous</arg>
</arguments>
<kw name="Click Element" library="SeleniumLibrary">
<doc>Click the element identified by ``locator``.</doc>
<arguments>
<arg>css=#dateOfBirth &gt; div.react-datepicker__tab-loop &gt; div.react-datepicker-popper &gt; div &gt; div &gt; button.react-datepicker__navigation.react-datepicker__navigation--previous</arg>
</arguments>
<msg timestamp="20201127 08:51:12.941" level="INFO">Clicking element 'css=#dateOfBirth &gt; div.react-datepicker__tab-loop &gt; div.react-datepicker-popper &gt; div &gt; div &gt; button.react-datepicker__navigation.react-datepicker__navigation--previous'.</msg>
<status status="PASS" starttime="20201127 08:51:12.940" endtime="20201127 08:51:12.997"></status>
</kw>
<status status="PASS" starttime="20201127 08:51:12.940" endtime="20201127 08:51:12.997"></status>
</kw>
<kw name="Run Keyword If" library="BuiltIn">
<doc>Runs the given keyword with the given arguments, if ``condition`` is true.</doc>
<arguments>
<arg>${shiftForward}==1</arg>
<arg>Click Element</arg>
<arg>css=#dateOfBirth &gt; div.react-datepicker__tab-loop &gt; div.react-datepicker-popper &gt; div &gt; div &gt; button.react-datepicker__navigation.react-datepicker__navigation--previous</arg>
</arguments>
<status status="PASS" starttime="20201127 08:51:12.997" endtime="20201127 08:51:12.997"></status>
</kw>
<status status="PASS" starttime="20201127 08:51:12.940" endtime="20201127 08:51:12.997"></status>
</kw>
<kw name="${var} = 27" type="foritem">
<kw name="Run Keyword If" library="BuiltIn">
<doc>Runs the given keyword with the given arguments, if ``condition`` is true.</doc>
<arguments>
<arg>${shiftForward}==0</arg>
<arg>Click Element</arg>
<arg>css=#dateOfBirth &gt; div.react-datepicker__tab-loop &gt; div.react-datepicker-popper &gt; div &gt; div &gt; button.react-datepicker__navigation.react-datepicker__navigation--previous</arg>
</arguments>
<kw name="Click Element" library="SeleniumLibrary">
<doc>Click the element identified by ``locator``.</doc>
<arguments>
<arg>css=#dateOfBirth &gt; div.react-datepicker__tab-loop &gt; div.react-datepicker-popper &gt; div &gt; div &gt; button.react-datepicker__navigation.react-datepicker__navigation--previous</arg>
</arguments>
<msg timestamp="20201127 08:51:12.998" level="INFO">Clicking element 'css=#dateOfBirth &gt; div.react-datepicker__tab-loop &gt; div.react-datepicker-popper &gt; div &gt; div &gt; button.react-datepicker__navigation.react-datepicker__navigation--previous'.</msg>
<status status="PASS" starttime="20201127 08:51:12.998" endtime="20201127 08:51:13.045"></status>
</kw>
<status status="PASS" starttime="20201127 08:51:12.998" endtime="20201127 08:51:13.045"></status>
</kw>
<kw name="Run Keyword If" library="BuiltIn">
<doc>Runs the given keyword with the given arguments, if ``condition`` is true.</doc>
<arguments>
<arg>${shiftForward}==1</arg>
<arg>Click Element</arg>
<arg>css=#dateOfBirth &gt; div.react-datepicker__tab-loop &gt; div.react-datepicker-popper &gt; div &gt; div &gt; button.react-datepicker__navigation.react-datepicker__navigation--previous</arg>
</arguments>
<status status="PASS" starttime="20201127 08:51:13.046" endtime="20201127 08:51:13.046"></status>
</kw>
<status status="PASS" starttime="20201127 08:51:12.998" endtime="20201127 08:51:13.046"></status>
</kw>
<kw name="${var} = 28" type="foritem">
<kw name="Run Keyword If" library="BuiltIn">
<doc>Runs the given keyword with the given arguments, if ``condition`` is true.</doc>
<arguments>
<arg>${shiftForward}==0</arg>
<arg>Click Element</arg>
<arg>css=#dateOfBirth &gt; div.react-datepicker__tab-loop &gt; div.react-datepicker-popper &gt; div &gt; div &gt; button.react-datepicker__navigation.react-datepicker__navigation--previous</arg>
</arguments>
<kw name="Click Element" library="SeleniumLibrary">
<doc>Click the element identified by ``locator``.</doc>
<arguments>
<arg>css=#dateOfBirth &gt; div.react-datepicker__tab-loop &gt; div.react-datepicker-popper &gt; div &gt; div &gt; button.react-datepicker__navigation.react-datepicker__navigation--previous</arg>
</arguments>
<msg timestamp="20201127 08:51:13.047" level="INFO">Clicking element 'css=#dateOfBirth &gt; div.react-datepicker__tab-loop &gt; div.react-datepicker-popper &gt; div &gt; div &gt; button.react-datepicker__navigation.react-datepicker__navigation--previous'.</msg>
<status status="PASS" starttime="20201127 08:51:13.047" endtime="20201127 08:51:13.100"></status>
</kw>
<status status="PASS" starttime="20201127 08:51:13.046" endtime="20201127 08:51:13.100"></status>
</kw>
<kw name="Run Keyword If" library="BuiltIn">
<doc>Runs the given keyword with the given arguments, if ``condition`` is true.</doc>
<arguments>
<arg>${shiftForward}==1</arg>
<arg>Click Element</arg>
<arg>css=#dateOfBirth &gt; div.react-datepicker__tab-loop &gt; div.react-datepicker-popper &gt; div &gt; div &gt; button.react-datepicker__navigation.react-datepicker__navigation--previous</arg>
</arguments>
<status status="PASS" starttime="20201127 08:51:13.100" endtime="20201127 08:51:13.100"></status>
</kw>
<status status="PASS" starttime="20201127 08:51:13.046" endtime="20201127 08:51:13.100"></status>
</kw>
<kw name="${var} = 29" type="foritem">
<kw name="Run Keyword If" library="BuiltIn">
<doc>Runs the given keyword with the given arguments, if ``condition`` is true.</doc>
<arguments>
<arg>${shiftForward}==0</arg>
<arg>Click Element</arg>
<arg>css=#dateOfBirth &gt; div.react-datepicker__tab-loop &gt; div.react-datepicker-popper &gt; div &gt; div &gt; button.react-datepicker__navigation.react-datepicker__navigation--previous</arg>
</arguments>
<kw name="Click Element" library="SeleniumLibrary">
<doc>Click the element identified by ``locator``.</doc>
<arguments>
<arg>css=#dateOfBirth &gt; div.react-datepicker__tab-loop &gt; div.react-datepicker-popper &gt; div &gt; div &gt; button.react-datepicker__navigation.react-datepicker__navigation--previous</arg>
</arguments>
<msg timestamp="20201127 08:51:13.101" level="INFO">Clicking element 'css=#dateOfBirth &gt; div.react-datepicker__tab-loop &gt; div.react-datepicker-popper &gt; div &gt; div &gt; button.react-datepicker__navigation.react-datepicker__navigation--previous'.</msg>
<status status="PASS" starttime="20201127 08:51:13.101" endtime="20201127 08:51:13.153"></status>
</kw>
<status status="PASS" starttime="20201127 08:51:13.101" endtime="20201127 08:51:13.153"></status>
</kw>
<kw name="Run Keyword If" library="BuiltIn">
<doc>Runs the given keyword with the given arguments, if ``condition`` is true.</doc>
<arguments>
<arg>${shiftForward}==1</arg>
<arg>Click Element</arg>
<arg>css=#dateOfBirth &gt; div.react-datepicker__tab-loop &gt; div.react-datepicker-popper &gt; div &gt; div &gt; button.react-datepicker__navigation.react-datepicker__navigation--previous</arg>
</arguments>
<status status="PASS" starttime="20201127 08:51:13.153" endtime="20201127 08:51:13.154"></status>
</kw>
<status status="PASS" starttime="20201127 08:51:13.100" endtime="20201127 08:51:13.154"></status>
</kw>
<kw name="${var} = 30" type="foritem">
<kw name="Run Keyword If" library="BuiltIn">
<doc>Runs the given keyword with the given arguments, if ``condition`` is true.</doc>
<arguments>
<arg>${shiftForward}==0</arg>
<arg>Click Element</arg>
<arg>css=#dateOfBirth &gt; div.react-datepicker__tab-loop &gt; div.react-datepicker-popper &gt; div &gt; div &gt; button.react-datepicker__navigation.react-datepicker__navigation--previous</arg>
</arguments>
<kw name="Click Element" library="SeleniumLibrary">
<doc>Click the element identified by ``locator``.</doc>
<arguments>
<arg>css=#dateOfBirth &gt; div.react-datepicker__tab-loop &gt; div.react-datepicker-popper &gt; div &gt; div &gt; button.react-datepicker__navigation.react-datepicker__navigation--previous</arg>
</arguments>
<msg timestamp="20201127 08:51:13.155" level="INFO">Clicking element 'css=#dateOfBirth &gt; div.react-datepicker__tab-loop &gt; div.react-datepicker-popper &gt; div &gt; div &gt; button.react-datepicker__navigation.react-datepicker__navigation--previous'.</msg>
<status status="PASS" starttime="20201127 08:51:13.154" endtime="20201127 08:51:13.205"></status>
</kw>
<status status="PASS" starttime="20201127 08:51:13.154" endtime="20201127 08:51:13.205"></status>
</kw>
<kw name="Run Keyword If" library="BuiltIn">
<doc>Runs the given keyword with the given arguments, if ``condition`` is true.</doc>
<arguments>
<arg>${shiftForward}==1</arg>
<arg>Click Element</arg>
<arg>css=#dateOfBirth &gt; div.react-datepicker__tab-loop &gt; div.react-datepicker-popper &gt; div &gt; div &gt; button.react-datepicker__navigation.react-datepicker__navigation--previous</arg>
</arguments>
<status status="PASS" starttime="20201127 08:51:13.205" endtime="20201127 08:51:13.206"></status>
</kw>
<status status="PASS" starttime="20201127 08:51:13.154" endtime="20201127 08:51:13.206"></status>
</kw>
<kw name="${var} = 31" type="foritem">
<kw name="Run Keyword If" library="BuiltIn">
<doc>Runs the given keyword with the given arguments, if ``condition`` is true.</doc>
<arguments>
<arg>${shiftForward}==0</arg>
<arg>Click Element</arg>
<arg>css=#dateOfBirth &gt; div.react-datepicker__tab-loop &gt; div.react-datepicker-popper &gt; div &gt; div &gt; button.react-datepicker__navigation.react-datepicker__navigation--previous</arg>
</arguments>
<kw name="Click Element" library="SeleniumLibrary">
<doc>Click the element identified by ``locator``.</doc>
<arguments>
<arg>css=#dateOfBirth &gt; div.react-datepicker__tab-loop &gt; div.react-datepicker-popper &gt; div &gt; div &gt; button.react-datepicker__navigation.react-datepicker__navigation--previous</arg>
</arguments>
<msg timestamp="20201127 08:51:13.207" level="INFO">Clicking element 'css=#dateOfBirth &gt; div.react-datepicker__tab-loop &gt; div.react-datepicker-popper &gt; div &gt; div &gt; button.react-datepicker__navigation.react-datepicker__navigation--previous'.</msg>
<status status="PASS" starttime="20201127 08:51:13.206" endtime="20201127 08:51:13.253"></status>
</kw>
<status status="PASS" starttime="20201127 08:51:13.206" endtime="20201127 08:51:13.253"></status>
</kw>
<kw name="Run Keyword If" library="BuiltIn">
<doc>Runs the given keyword with the given arguments, if ``condition`` is true.</doc>
<arguments>
<arg>${shiftForward}==1</arg>
<arg>Click Element</arg>
<arg>css=#dateOfBirth &gt; div.react-datepicker__tab-loop &gt; div.react-datepicker-popper &gt; div &gt; div &gt; button.react-datepicker__navigation.react-datepicker__navigation--previous</arg>
</arguments>
<status status="PASS" starttime="20201127 08:51:13.253" endtime="20201127 08:51:13.254"></status>
</kw>
<status status="PASS" starttime="20201127 08:51:13.206" endtime="20201127 08:51:13.254"></status>
</kw>
<kw name="${var} = 32" type="foritem">
<kw name="Run Keyword If" library="BuiltIn">
<doc>Runs the given keyword with the given arguments, if ``condition`` is true.</doc>
<arguments>
<arg>${shiftForward}==0</arg>
<arg>Click Element</arg>
<arg>css=#dateOfBirth &gt; div.react-datepicker__tab-loop &gt; div.react-datepicker-popper &gt; div &gt; div &gt; button.react-datepicker__navigation.react-datepicker__navigation--previous</arg>
</arguments>
<kw name="Click Element" library="SeleniumLibrary">
<doc>Click the element identified by ``locator``.</doc>
<arguments>
<arg>css=#dateOfBirth &gt; div.react-datepicker__tab-loop &gt; div.react-datepicker-popper &gt; div &gt; div &gt; button.react-datepicker__navigation.react-datepicker__navigation--previous</arg>
</arguments>
<msg timestamp="20201127 08:51:13.255" level="INFO">Clicking element 'css=#dateOfBirth &gt; div.react-datepicker__tab-loop &gt; div.react-datepicker-popper &gt; div &gt; div &gt; button.react-datepicker__navigation.react-datepicker__navigation--previous'.</msg>
<status status="PASS" starttime="20201127 08:51:13.255" endtime="20201127 08:51:13.304"></status>
</kw>
<status status="PASS" starttime="20201127 08:51:13.254" endtime="20201127 08:51:13.304"></status>
</kw>
<kw name="Run Keyword If" library="BuiltIn">
<doc>Runs the given keyword with the given arguments, if ``condition`` is true.</doc>
<arguments>
<arg>${shiftForward}==1</arg>
<arg>Click Element</arg>
<arg>css=#dateOfBirth &gt; div.react-datepicker__tab-loop &gt; div.react-datepicker-popper &gt; div &gt; div &gt; button.react-datepicker__navigation.react-datepicker__navigation--previous</arg>
</arguments>
<status status="PASS" starttime="20201127 08:51:13.304" endtime="20201127 08:51:13.305"></status>
</kw>
<status status="PASS" starttime="20201127 08:51:13.254" endtime="20201127 08:51:13.305"></status>
</kw>
<kw name="${var} = 33" type="foritem">
<kw name="Run Keyword If" library="BuiltIn">
<doc>Runs the given keyword with the given arguments, if ``condition`` is true.</doc>
<arguments>
<arg>${shiftForward}==0</arg>
<arg>Click Element</arg>
<arg>css=#dateOfBirth &gt; div.react-datepicker__tab-loop &gt; div.react-datepicker-popper &gt; div &gt; div &gt; button.react-datepicker__navigation.react-datepicker__navigation--previous</arg>
</arguments>
<kw name="Click Element" library="SeleniumLibrary">
<doc>Click the element identified by ``locator``.</doc>
<arguments>
<arg>css=#dateOfBirth &gt; div.react-datepicker__tab-loop &gt; div.react-datepicker-popper &gt; div &gt; div &gt; button.react-datepicker__navigation.react-datepicker__navigation--previous</arg>
</arguments>
<msg timestamp="20201127 08:51:13.305" level="INFO">Clicking element 'css=#dateOfBirth &gt; div.react-datepicker__tab-loop &gt; div.react-datepicker-popper &gt; div &gt; div &gt; button.react-datepicker__navigation.react-datepicker__navigation--previous'.</msg>
<status status="PASS" starttime="20201127 08:51:13.305" endtime="20201127 08:51:13.351"></status>
</kw>
<status status="PASS" starttime="20201127 08:51:13.305" endtime="20201127 08:51:13.351"></status>
</kw>
<kw name="Run Keyword If" library="BuiltIn">
<doc>Runs the given keyword with the given arguments, if ``condition`` is true.</doc>
<arguments>
<arg>${shiftForward}==1</arg>
<arg>Click Element</arg>
<arg>css=#dateOfBirth &gt; div.react-datepicker__tab-loop &gt; div.react-datepicker-popper &gt; div &gt; div &gt; button.react-datepicker__navigation.react-datepicker__navigation--previous</arg>
</arguments>
<status status="PASS" starttime="20201127 08:51:13.351" endtime="20201127 08:51:13.351"></status>
</kw>
<status status="PASS" starttime="20201127 08:51:13.305" endtime="20201127 08:51:13.351"></status>
</kw>
<kw name="${var} = 34" type="foritem">
<kw name="Run Keyword If" library="BuiltIn">
<doc>Runs the given keyword with the given arguments, if ``condition`` is true.</doc>
<arguments>
<arg>${shiftForward}==0</arg>
<arg>Click Element</arg>
<arg>css=#dateOfBirth &gt; div.react-datepicker__tab-loop &gt; div.react-datepicker-popper &gt; div &gt; div &gt; button.react-datepicker__navigation.react-datepicker__navigation--previous</arg>
</arguments>
<kw name="Click Element" library="SeleniumLibrary">
<doc>Click the element identified by ``locator``.</doc>
<arguments>
<arg>css=#dateOfBirth &gt; div.react-datepicker__tab-loop &gt; div.react-datepicker-popper &gt; div &gt; div &gt; button.react-datepicker__navigation.react-datepicker__navigation--previous</arg>
</arguments>
<msg timestamp="20201127 08:51:13.353" level="INFO">Clicking element 'css=#dateOfBirth &gt; div.react-datepicker__tab-loop &gt; div.react-datepicker-popper &gt; div &gt; div &gt; button.react-datepicker__navigation.react-datepicker__navigation--previous'.</msg>
<status status="PASS" starttime="20201127 08:51:13.353" endtime="20201127 08:51:13.404"></status>
</kw>
<status status="PASS" starttime="20201127 08:51:13.352" endtime="20201127 08:51:13.404"></status>
</kw>
<kw name="Run Keyword If" library="BuiltIn">
<doc>Runs the given keyword with the given arguments, if ``condition`` is true.</doc>
<arguments>
<arg>${shiftForward}==1</arg>
<arg>Click Element</arg>
<arg>css=#dateOfBirth &gt; div.react-datepicker__tab-loop &gt; div.react-datepicker-popper &gt; div &gt; div &gt; button.react-datepicker__navigation.react-datepicker__navigation--previous</arg>
</arguments>
<status status="PASS" starttime="20201127 08:51:13.405" endtime="20201127 08:51:13.405"></status>
</kw>
<status status="PASS" starttime="20201127 08:51:13.352" endtime="20201127 08:51:13.405"></status>
</kw>
<kw name="${var} = 35" type="foritem">
<kw name="Run Keyword If" library="BuiltIn">
<doc>Runs the given keyword with the given arguments, if ``condition`` is true.</doc>
<arguments>
<arg>${shiftForward}==0</arg>
<arg>Click Element</arg>
<arg>css=#dateOfBirth &gt; div.react-datepicker__tab-loop &gt; div.react-datepicker-popper &gt; div &gt; div &gt; button.react-datepicker__navigation.react-datepicker__navigation--previous</arg>
</arguments>
<kw name="Click Element" library="SeleniumLibrary">
<doc>Click the element identified by ``locator``.</doc>
<arguments>
<arg>css=#dateOfBirth &gt; div.react-datepicker__tab-loop &gt; div.react-datepicker-popper &gt; div &gt; div &gt; button.react-datepicker__navigation.react-datepicker__navigation--previous</arg>
</arguments>
<msg timestamp="20201127 08:51:13.406" level="INFO">Clicking element 'css=#dateOfBirth &gt; div.react-datepicker__tab-loop &gt; div.react-datepicker-popper &gt; div &gt; div &gt; button.react-datepicker__navigation.react-datepicker__navigation--previous'.</msg>
<status status="PASS" starttime="20201127 08:51:13.406" endtime="20201127 08:51:13.458"></status>
</kw>
<status status="PASS" starttime="20201127 08:51:13.405" endtime="20201127 08:51:13.458"></status>
</kw>
<kw name="Run Keyword If" library="BuiltIn">
<doc>Runs the given keyword with the given arguments, if ``condition`` is true.</doc>
<arguments>
<arg>${shiftForward}==1</arg>
<arg>Click Element</arg>
<arg>css=#dateOfBirth &gt; div.react-datepicker__tab-loop &gt; div.react-datepicker-popper &gt; div &gt; div &gt; button.react-datepicker__navigation.react-datepicker__navigation--previous</arg>
</arguments>
<status status="PASS" starttime="20201127 08:51:13.458" endtime="20201127 08:51:13.459"></status>
</kw>
<status status="PASS" starttime="20201127 08:51:13.405" endtime="20201127 08:51:13.459"></status>
</kw>
<kw name="${var} = 36" type="foritem">
<kw name="Run Keyword If" library="BuiltIn">
<doc>Runs the given keyword with the given arguments, if ``condition`` is true.</doc>
<arguments>
<arg>${shiftForward}==0</arg>
<arg>Click Element</arg>
<arg>css=#dateOfBirth &gt; div.react-datepicker__tab-loop &gt; div.react-datepicker-popper &gt; div &gt; div &gt; button.react-datepicker__navigation.react-datepicker__navigation--previous</arg>
</arguments>
<kw name="Click Element" library="SeleniumLibrary">
<doc>Click the element identified by ``locator``.</doc>
[...]
<arguments>
<arg>${shiftForward}==1</arg>
<arg>Click Element</arg>
<arg>css=#dateOfBirth &gt; div.react-datepicker__tab-loop &gt; div.react-datepicker-popper &gt; div &gt; div &gt; button.react-datepicker__navigation.react-datepicker__navigation--previous</arg>
</arguments>
<status status="PASS" starttime="20201127 08:51:30.095" endtime="20201127 08:51:30.095"></status>
</kw>
<status status="PASS" starttime="20201127 08:51:30.050" endtime="20201127 08:51:30.095"></status>
</kw>
<kw name="${var} = 367" type="foritem">
<kw name="Run Keyword If" library="BuiltIn">
<doc>Runs the given keyword with the given arguments, if ``condition`` is true.</doc>
<arguments>
<arg>${shiftForward}==0</arg>
<arg>Click Element</arg>
<arg>css=#dateOfBirth &gt; div.react-datepicker__tab-loop &gt; div.react-datepicker-popper &gt; div &gt; div &gt; button.react-datepicker__navigation.react-datepicker__navigation--previous</arg>
</arguments>
<kw name="Click Element" library="SeleniumLibrary">
<doc>Click the element identified by ``locator``.</doc>
<arguments>
<arg>css=#dateOfBirth &gt; div.react-datepicker__tab-loop &gt; div.react-datepicker-popper &gt; div &gt; div &gt; button.react-datepicker__navigation.react-datepicker__navigation--previous</arg>
</arguments>
<msg timestamp="20201127 08:51:30.096" level="INFO">Clicking element 'css=#dateOfBirth &gt; div.react-datepicker__tab-loop &gt; div.react-datepicker-popper &gt; div &gt; div &gt; button.react-datepicker__navigation.react-datepicker__navigation--previous'.</msg>
<status status="PASS" starttime="20201127 08:51:30.096" endtime="20201127 08:51:30.139"></status>
</kw>
<status status="PASS" starttime="20201127 08:51:30.096" endtime="20201127 08:51:30.139"></status>
</kw>
<kw name="Run Keyword If" library="BuiltIn">
<doc>Runs the given keyword with the given arguments, if ``condition`` is true.</doc>
<arguments>
<arg>${shiftForward}==1</arg>
<arg>Click Element</arg>
<arg>css=#dateOfBirth &gt; div.react-datepicker__tab-loop &gt; div.react-datepicker-popper &gt; div &gt; div &gt; button.react-datepicker__navigation.react-datepicker__navigation--previous</arg>
</arguments>
<status status="PASS" starttime="20201127 08:51:30.139" endtime="20201127 08:51:30.139"></status>
</kw>
<status status="PASS" starttime="20201127 08:51:30.096" endtime="20201127 08:51:30.139"></status>
</kw>
<kw name="${var} = 368" type="foritem">
<kw name="Run Keyword If" library="BuiltIn">
<doc>Runs the given keyword with the given arguments, if ``condition`` is true.</doc>
<arguments>
<arg>${shiftForward}==0</arg>
<arg>Click Element</arg>
<arg>css=#dateOfBirth &gt; div.react-datepicker__tab-loop &gt; div.react-datepicker-popper &gt; div &gt; div &gt; button.react-datepicker__navigation.react-datepicker__navigation--previous</arg>
</arguments>
<kw name="Click Element" library="SeleniumLibrary">
<doc>Click the element identified by ``locator``.</doc>
<arguments>
<arg>css=#dateOfBirth &gt; div.react-datepicker__tab-loop &gt; div.react-datepicker-popper &gt; div &gt; div &gt; button.react-datepicker__navigation.react-datepicker__navigation--previous</arg>
</arguments>
<msg timestamp="20201127 08:51:30.140" level="INFO">Clicking element 'css=#dateOfBirth &gt; div.react-datepicker__tab-loop &gt; div.react-datepicker-popper &gt; div &gt; div &gt; button.react-datepicker__navigation.react-datepicker__navigation--previous'.</msg>
<status status="PASS" starttime="20201127 08:51:30.140" endtime="20201127 08:51:30.183"></status>
</kw>
<status status="PASS" starttime="20201127 08:51:30.140" endtime="20201127 08:51:30.184"></status>
</kw>
<kw name="Run Keyword If" library="BuiltIn">
<doc>Runs the given keyword with the given arguments, if ``condition`` is true.</doc>
<arguments>
<arg>${shiftForward}==1</arg>
<arg>Click Element</arg>
<arg>css=#dateOfBirth &gt; div.react-datepicker__tab-loop &gt; div.react-datepicker-popper &gt; div &gt; div &gt; button.react-datepicker__navigation.react-datepicker__navigation--previous</arg>
</arguments>
<status status="PASS" starttime="20201127 08:51:30.184" endtime="20201127 08:51:30.185"></status>
</kw>
<status status="PASS" starttime="20201127 08:51:30.140" endtime="20201127 08:51:30.185"></status>
</kw>
<kw name="${var} = 369" type="foritem">
<kw name="Run Keyword If" library="BuiltIn">
<doc>Runs the given keyword with the given arguments, if ``condition`` is true.</doc>
<arguments>
<arg>${shiftForward}==0</arg>
<arg>Click Element</arg>
<arg>css=#dateOfBirth &gt; div.react-datepicker__tab-loop &gt; div.react-datepicker-popper &gt; div &gt; div &gt; button.react-datepicker__navigation.react-datepicker__navigation--previous</arg>
</arguments>
<kw name="Click Element" library="SeleniumLibrary">
<doc>Click the element identified by ``locator``.</doc>
<arguments>
<arg>css=#dateOfBirth &gt; div.react-datepicker__tab-loop &gt; div.react-datepicker-popper &gt; div &gt; div &gt; button.react-datepicker__navigation.react-datepicker__navigation--previous</arg>
</arguments>
<msg timestamp="20201127 08:51:30.186" level="INFO">Clicking element 'css=#dateOfBirth &gt; div.react-datepicker__tab-loop &gt; div.react-datepicker-popper &gt; div &gt; div &gt; button.react-datepicker__navigation.react-datepicker__navigation--previous'.</msg>
<status status="PASS" starttime="20201127 08:51:30.186" endtime="20201127 08:51:30.230"></status>
</kw>
<status status="PASS" starttime="20201127 08:51:30.185" endtime="20201127 08:51:30.230"></status>
</kw>
<kw name="Run Keyword If" library="BuiltIn">
<doc>Runs the given keyword with the given arguments, if ``condition`` is true.</doc>
<arguments>
<arg>${shiftForward}==1</arg>
<arg>Click Element</arg>
<arg>css=#dateOfBirth &gt; div.react-datepicker__tab-loop &gt; div.react-datepicker-popper &gt; div &gt; div &gt; button.react-datepicker__navigation.react-datepicker__navigation--previous</arg>
</arguments>
<status status="PASS" starttime="20201127 08:51:30.231" endtime="20201127 08:51:30.231"></status>
</kw>
<status status="PASS" starttime="20201127 08:51:30.185" endtime="20201127 08:51:30.231"></status>
</kw>
<kw name="${var} = 370" type="foritem">
<kw name="Run Keyword If" library="BuiltIn">
<doc>Runs the given keyword with the given arguments, if ``condition`` is true.</doc>
<arguments>
<arg>${shiftForward}==0</arg>
<arg>Click Element</arg>
<arg>css=#dateOfBirth &gt; div.react-datepicker__tab-loop &gt; div.react-datepicker-popper &gt; div &gt; div &gt; button.react-datepicker__navigation.react-datepicker__navigation--previous</arg>
</arguments>
<kw name="Click Element" library="SeleniumLibrary">
<doc>Click the element identified by ``locator``.</doc>
<arguments>
<arg>css=#dateOfBirth &gt; div.react-datepicker__tab-loop &gt; div.react-datepicker-popper &gt; div &gt; div &gt; button.react-datepicker__navigation.react-datepicker__navigation--previous</arg>
</arguments>
<msg timestamp="20201127 08:51:30.233" level="INFO">Clicking element 'css=#dateOfBirth &gt; div.react-datepicker__tab-loop &gt; div.react-datepicker-popper &gt; div &gt; div &gt; button.react-datepicker__navigation.react-datepicker__navigation--previous'.</msg>
<status status="PASS" starttime="20201127 08:51:30.232" endtime="20201127 08:51:30.280"></status>
</kw>
<status status="PASS" starttime="20201127 08:51:30.232" endtime="20201127 08:51:30.280"></status>
</kw>
<kw name="Run Keyword If" library="BuiltIn">
<doc>Runs the given keyword with the given arguments, if ``condition`` is true.</doc>
<arguments>
<arg>${shiftForward}==1</arg>
<arg>Click Element</arg>
<arg>css=#dateOfBirth &gt; div.react-datepicker__tab-loop &gt; div.react-datepicker-popper &gt; div &gt; div &gt; button.react-datepicker__navigation.react-datepicker__navigation--previous</arg>
</arguments>
<status status="PASS" starttime="20201127 08:51:30.280" endtime="20201127 08:51:30.280"></status>
</kw>
<status status="PASS" starttime="20201127 08:51:30.231" endtime="20201127 08:51:30.280"></status>
</kw>
<kw name="${var} = 371" type="foritem">
<kw name="Run Keyword If" library="BuiltIn">
<doc>Runs the given keyword with the given arguments, if ``condition`` is true.</doc>
<arguments>
<arg>${shiftForward}==0</arg>
<arg>Click Element</arg>
<arg>css=#dateOfBirth &gt; div.react-datepicker__tab-loop &gt; div.react-datepicker-popper &gt; div &gt; div &gt; button.react-datepicker__navigation.react-datepicker__navigation--previous</arg>
</arguments>
<kw name="Click Element" library="SeleniumLibrary">
<doc>Click the element identified by ``locator``.</doc>
<arguments>
<arg>css=#dateOfBirth &gt; div.react-datepicker__tab-loop &gt; div.react-datepicker-popper &gt; div &gt; div &gt; button.react-datepicker__navigation.react-datepicker__navigation--previous</arg>
</arguments>
<msg timestamp="20201127 08:51:30.282" level="INFO">Clicking element 'css=#dateOfBirth &gt; div.react-datepicker__tab-loop &gt; div.react-datepicker-popper &gt; div &gt; div &gt; button.react-datepicker__navigation.react-datepicker__navigation--previous'.</msg>
<status status="PASS" starttime="20201127 08:51:30.282" endtime="20201127 08:51:30.327"></status>
</kw>
<status status="PASS" starttime="20201127 08:51:30.281" endtime="20201127 08:51:30.328"></status>
</kw>
<kw name="Run Keyword If" library="BuiltIn">
<doc>Runs the given keyword with the given arguments, if ``condition`` is true.</doc>
<arguments>
<arg>${shiftForward}==1</arg>
<arg>Click Element</arg>
<arg>css=#dateOfBirth &gt; div.react-datepicker__tab-loop &gt; div.react-datepicker-popper &gt; div &gt; div &gt; button.react-datepicker__navigation.react-datepicker__navigation--previous</arg>
</arguments>
<status status="PASS" starttime="20201127 08:51:30.328" endtime="20201127 08:51:30.328"></status>
</kw>
<status status="PASS" starttime="20201127 08:51:30.281" endtime="20201127 08:51:30.328"></status>
</kw>
<kw name="${var} = 372" type="foritem">
<kw name="Run Keyword If" library="BuiltIn">
<doc>Runs the given keyword with the given arguments, if ``condition`` is true.</doc>
<arguments>
<arg>${shiftForward}==0</arg>
<arg>Click Element</arg>
<arg>css=#dateOfBirth &gt; div.react-datepicker__tab-loop &gt; div.react-datepicker-popper &gt; div &gt; div &gt; button.react-datepicker__navigation.react-datepicker__navigation--previous</arg>
</arguments>
<kw name="Click Element" library="SeleniumLibrary">
<doc>Click the element identified by ``locator``.</doc>
<arguments>
<arg>css=#dateOfBirth &gt; div.react-datepicker__tab-loop &gt; div.react-datepicker-popper &gt; div &gt; div &gt; button.react-datepicker__navigation.react-datepicker__navigation--previous</arg>
</arguments>
<msg timestamp="20201127 08:51:30.329" level="INFO">Clicking element 'css=#dateOfBirth &gt; div.react-datepicker__tab-loop &gt; div.react-datepicker-popper &gt; div &gt; div &gt; button.react-datepicker__navigation.react-datepicker__navigation--previous'.</msg>
<status status="PASS" starttime="20201127 08:51:30.329" endtime="20201127 08:51:30.373"></status>
</kw>
<status status="PASS" starttime="20201127 08:51:30.328" endtime="20201127 08:51:30.374"></status>
</kw>
<kw name="Run Keyword If" library="BuiltIn">
<doc>Runs the given keyword with the given arguments, if ``condition`` is true.</doc>
<arguments>
<arg>${shiftForward}==1</arg>
<arg>Click Element</arg>
<arg>css=#dateOfBirth &gt; div.react-datepicker__tab-loop &gt; div.react-datepicker-popper &gt; div &gt; div &gt; button.react-datepicker__navigation.react-datepicker__navigation--previous</arg>
</arguments>
<status status="PASS" starttime="20201127 08:51:30.374" endtime="20201127 08:51:30.374"></status>
</kw>
<status status="PASS" starttime="20201127 08:51:30.328" endtime="20201127 08:51:30.374"></status>
</kw>
<kw name="${var} = 373" type="foritem">
<kw name="Run Keyword If" library="BuiltIn">
<doc>Runs the given keyword with the given arguments, if ``condition`` is true.</doc>
<arguments>
<arg>${shiftForward}==0</arg>
<arg>Click Element</arg>
<arg>css=#dateOfBirth &gt; div.react-datepicker__tab-loop &gt; div.react-datepicker-popper &gt; div &gt; div &gt; button.react-datepicker__navigation.react-datepicker__navigation--previous</arg>
</arguments>
<kw name="Click Element" library="SeleniumLibrary">
<doc>Click the element identified by ``locator``.</doc>
<arguments>
<arg>css=#dateOfBirth &gt; div.react-datepicker__tab-loop &gt; div.react-datepicker-popper &gt; div &gt; div &gt; button.react-datepicker__navigation.react-datepicker__navigation--previous</arg>
</arguments>
<msg timestamp="20201127 08:51:30.375" level="INFO">Clicking element 'css=#dateOfBirth &gt; div.react-datepicker__tab-loop &gt; div.react-datepicker-popper &gt; div &gt; div &gt; button.react-datepicker__navigation.react-datepicker__navigation--previous'.</msg>
<status status="PASS" starttime="20201127 08:51:30.375" endtime="20201127 08:51:30.415"></status>
</kw>
<status status="PASS" starttime="20201127 08:51:30.374" endtime="20201127 08:51:30.415"></status>
</kw>
<kw name="Run Keyword If" library="BuiltIn">
<doc>Runs the given keyword with the given arguments, if ``condition`` is true.</doc>
<arguments>
<arg>${shiftForward}==1</arg>
<arg>Click Element</arg>
<arg>css=#dateOfBirth &gt; div.react-datepicker__tab-loop &gt; div.react-datepicker-popper &gt; div &gt; div &gt; button.react-datepicker__navigation.react-datepicker__navigation--previous</arg>
</arguments>
<status status="PASS" starttime="20201127 08:51:30.415" endtime="20201127 08:51:30.415"></status>
</kw>
<status status="PASS" starttime="20201127 08:51:30.374" endtime="20201127 08:51:30.415"></status>
</kw>
<kw name="${var} = 374" type="foritem">
<kw name="Run Keyword If" library="BuiltIn">
<doc>Runs the given keyword with the given arguments, if ``condition`` is true.</doc>
<arguments>
<arg>${shiftForward}==0</arg>
<arg>Click Element</arg>
<arg>css=#dateOfBirth &gt; div.react-datepicker__tab-loop &gt; div.react-datepicker-popper &gt; div &gt; div &gt; button.react-datepicker__navigation.react-datepicker__navigation--previous</arg>
</arguments>
<kw name="Click Element" library="SeleniumLibrary">
<doc>Click the element identified by ``locator``.</doc>
<arguments>
<arg>css=#dateOfBirth &gt; div.react-datepicker__tab-loop &gt; div.react-datepicker-popper &gt; div &gt; div &gt; button.react-datepicker__navigation.react-datepicker__navigation--previous</arg>
</arguments>
<msg timestamp="20201127 08:51:30.416" level="INFO">Clicking element 'css=#dateOfBirth &gt; div.react-datepicker__tab-loop &gt; div.react-datepicker-popper &gt; div &gt; div &gt; button.react-datepicker__navigation.react-datepicker__navigation--previous'.</msg>
<status status="PASS" starttime="20201127 08:51:30.416" endtime="20201127 08:51:30.460"></status>
</kw>
<status status="PASS" starttime="20201127 08:51:30.416" endtime="20201127 08:51:30.460"></status>
</kw>
<kw name="Run Keyword If" library="BuiltIn">
<doc>Runs the given keyword with the given arguments, if ``condition`` is true.</doc>
<arguments>
<arg>${shiftForward}==1</arg>
<arg>Click Element</arg>
<arg>css=#dateOfBirth &gt; div.react-datepicker__tab-loop &gt; div.react-datepicker-popper &gt; div &gt; div &gt; button.react-datepicker__navigation.react-datepicker__navigation--previous</arg>
</arguments>
<status status="PASS" starttime="20201127 08:51:30.460" endtime="20201127 08:51:30.460"></status>
</kw>
<status status="PASS" starttime="20201127 08:51:30.416" endtime="20201127 08:51:30.460"></status>
</kw>
<kw name="${var} = 375" type="foritem">
<kw name="Run Keyword If" library="BuiltIn">
<doc>Runs the given keyword with the given arguments, if ``condition`` is true.</doc>
<arguments>
<arg>${shiftForward}==0</arg>
<arg>Click Element</arg>
<arg>css=#dateOfBirth &gt; div.react-datepicker__tab-loop &gt; div.react-datepicker-popper &gt; div &gt; div &gt; button.react-datepicker__navigation.react-datepicker__navigation--previous</arg>
</arguments>
<kw name="Click Element" library="SeleniumLibrary">
<doc>Click the element identified by ``locator``.</doc>
<arguments>
<arg>css=#dateOfBirth &gt; div.react-datepicker__tab-loop &gt; div.react-datepicker-popper &gt; div &gt; div &gt; button.react-datepicker__navigation.react-datepicker__navigation--previous</arg>
</arguments>
<msg timestamp="20201127 08:51:30.461" level="INFO">Clicking element 'css=#dateOfBirth &gt; div.react-datepicker__tab-loop &gt; div.react-datepicker-popper &gt; div &gt; div &gt; button.react-datepicker__navigation.react-datepicker__navigation--previous'.</msg>
<status status="PASS" starttime="20201127 08:51:30.461" endtime="20201127 08:51:30.506"></status>
</kw>
<status status="PASS" starttime="20201127 08:51:30.461" endtime="20201127 08:51:30.506"></status>
</kw>
<kw name="Run Keyword If" library="BuiltIn">
<doc>Runs the given keyword with the given arguments, if ``condition`` is true.</doc>
<arguments>
<arg>${shiftForward}==1</arg>
<arg>Click Element</arg>
<arg>css=#dateOfBirth &gt; div.react-datepicker__tab-loop &gt; div.react-datepicker-popper &gt; div &gt; div &gt; button.react-datepicker__navigation.react-datepicker__navigation--previous</arg>
</arguments>
<status status="PASS" starttime="20201127 08:51:30.506" endtime="20201127 08:51:30.507"></status>
</kw>
<status status="PASS" starttime="20201127 08:51:30.460" endtime="20201127 08:51:30.507"></status>
</kw>
<status status="PASS" starttime="20201127 08:51:11.313" endtime="20201127 08:51:30.507"></status>
</kw>
<kw name="Wait Until Element Is Enabled" library="SeleniumLibrary">
<doc>Waits until the element ``locator`` is enabled.</doc>
<arguments>
<arg>xpath=//*[@id="dateOfBirthInput"]</arg>
</arguments>
<status status="PASS" starttime="20201127 08:51:30.507" endtime="20201127 08:51:30.537"></status>
</kw>
<kw name="Click Element" library="SeleniumLibrary">
<doc>Click the element identified by ``locator``.</doc>
<arguments>
<arg>xpath=//*[text()="${date}"]</arg>
</arguments>
<msg timestamp="20201127 08:51:30.538" level="INFO">Clicking element 'xpath=//*[text()="17"]'.</msg>
<status status="PASS" starttime="20201127 08:51:30.538" endtime="20201127 08:51:30.626"></status>
</kw>
<status status="PASS" starttime="20201127 08:51:11.057" endtime="20201127 08:51:30.626"></status>
</kw>
<kw name="Sleep" library="BuiltIn">
<doc>Pauses the test executed for the given time.</doc>
<arguments>
<arg>5</arg>
</arguments>
<msg timestamp="20201127 08:51:35.628" level="INFO">Slept 5 seconds</msg>
<status status="PASS" starttime="20201127 08:51:30.627" endtime="20201127 08:51:35.628"></status>
</kw>
<kw name="Sleep" library="BuiltIn">
<doc>Pauses the test executed for the given time.</doc>
<arguments>
<arg>5</arg>
</arguments>
<msg timestamp="20201127 08:51:40.630" level="INFO">Slept 5 seconds</msg>
<status status="PASS" starttime="20201127 08:51:35.628" endtime="20201127 08:51:40.630"></status>
</kw>
<kw name="Close Browser" library="SeleniumLibrary">
<doc>Closes the current browser.</doc>
<status status="PASS" starttime="20201127 08:51:40.630" endtime="20201127 08:51:42.874"></status>
</kw>
<status status="PASS" starttime="20201127 08:50:52.122" endtime="20201127 08:51:42.874"></status>
</kw>
<status status="PASS" starttime="20201127 08:50:52.120" endtime="20201127 08:51:42.875" critical="yes"></status>
</test>
<status status="PASS" starttime="20201127 08:50:51.794" endtime="20201127 08:51:42.877"></status>
</suite>
<statistics>
<total>
<stat pass="1" fail="0">Critical Tests</stat>
<stat pass="1" fail="0">All Tests</stat>
</total>
<tag>
</tag>
<suite>
<stat pass="1" fail="0" id="s1" name="TC 03">TC 03</stat>
</suite>
</statistics>
<errors>
<msg timestamp="20201127 08:51:11.313" level="WARN">Error in file 'C:\Users\aniru\PycharmProjects\RobotFramework_Python\TestCases\TC_03.robot' in FOR loop starting on line 42: For loop header ':FOR' is deprecated. Use 'FOR' instead.</msg>
<msg timestamp="20201127 08:51:11.314" level="WARN">Error in file 'C:\Users\aniru\PycharmProjects\RobotFramework_Python\TestCases\TC_03.robot' in FOR loop starting on line 42: Marking for loop body with '\' is deprecated. Remove markers and use 'END' instead.</msg>
</errors>
</robot>
