<?xml version="1.0" encoding="UTF-8"?>
<robot generator="Robot 3.2.1 (Python 3.6.3 on win32)" generated="20210204 17:41:55.429" rpa="false">
<suite id="s1" name="TC Sulaba" source="C:\Users\aniru\PycharmProjects\RobotFramework_Python\TestCases\TC_Sulaba.robot">
<test id="s1-t1" name="SulabaIshaTest">
<kw name="SmokeTestApp">
<kw name="Open Browser" library="SeleniumLibrary">
<doc>Opens a new browser instance to the optional ``url``.</doc>
<arguments>
<arg>${url}</arg>
<arg>${browser}</arg>
</arguments>
<msg timestamp="20210204 17:41:55.780" level="INFO">Opening browser 'chrome' to base url 'https://purchase.sushumna.isha.in/web/login'.</msg>
<status status="PASS" starttime="20210204 17:41:55.779" endtime="20210204 17:42:17.174"></status>
</kw>
<kw name="Maximize Browser Window" library="SeleniumLibrary">
<doc>Maximizes current browser window.</doc>
<status status="PASS" starttime="20210204 17:42:17.175" endtime="20210204 17:42:18.299"></status>
</kw>
<kw name="Input Text" library="SeleniumLibrary">
<doc>Types the given ``text`` into the text field identified by ``locator``.</doc>
<arguments>
<arg>name:login</arg>
<arg>${Inputvalue_username}</arg>
</arguments>
<msg timestamp="20210204 17:42:18.299" level="INFO">Typing text 'abarajith.sadagopan@ishafoundation.org' into text field 'name:login'.</msg>
<status status="PASS" starttime="20210204 17:42:18.299" endtime="20210204 17:42:18.479"></status>
</kw>
<kw name="Input Text" library="SeleniumLibrary">
<doc>Types the given ``text`` into the text field identified by ``locator``.</doc>
<arguments>
<arg>name:password</arg>
<arg>${Inputvalue_password}</arg>
</arguments>
<msg timestamp="20210204 17:42:18.480" level="INFO">Typing text '123' into text field 'name:password'.</msg>
<status status="PASS" starttime="20210204 17:42:18.479" endtime="20210204 17:42:18.600"></status>
</kw>
<kw name="Click Element" library="SeleniumLibrary">
<doc>Click the element identified by ``locator``.</doc>
<arguments>
<arg>xpath://*[@id="wrapwrap"]/main/div/div[1]/div/div/div/div/form/div[4]/button</arg>
</arguments>
<msg timestamp="20210204 17:42:18.601" level="INFO">Clicking element 'xpath://*[@id="wrapwrap"]/main/div/div[1]/div/div/div/div/form/div[4]/button'.</msg>
<status status="PASS" starttime="20210204 17:42:18.601" endtime="20210204 17:43:37.431"></status>
</kw>
<kw name="Sleep" library="BuiltIn">
<doc>Pauses the test executed for the given time.</doc>
<arguments>
<arg>8</arg>
</arguments>
<msg timestamp="20210204 17:43:45.434" level="INFO">Slept 8 seconds</msg>
<status status="PASS" starttime="20210204 17:43:37.432" endtime="20210204 17:43:45.434"></status>
</kw>
<kw name="Click Element" library="SeleniumLibrary">
<doc>Click the element identified by ``locator``.</doc>
<arguments>
<arg>xpath:/html/body/header/nav/ul[1]/li/a</arg>
</arguments>
<msg timestamp="20210204 17:43:45.434" level="INFO">Clicking element 'xpath:/html/body/header/nav/ul[1]/li/a'.</msg>
<status status="PASS" starttime="20210204 17:43:45.434" endtime="20210204 17:43:45.543"></status>
</kw>
<kw name="Sleep" library="BuiltIn">
<doc>Pauses the test executed for the given time.</doc>
<arguments>
<arg>8</arg>
</arguments>
<msg timestamp="20210204 17:43:53.545" level="INFO">Slept 8 seconds</msg>
<status status="PASS" starttime="20210204 17:43:45.543" endtime="20210204 17:43:53.545"></status>
</kw>
<kw name="Click Element" library="SeleniumLibrary">
<doc>Click the element identified by ``locator``.</doc>
<arguments>
<arg>xpath:/html/body/header/nav/ul[1]/li/div/a[17]</arg>
</arguments>
<msg timestamp="20210204 17:43:53.545" level="INFO">Clicking element 'xpath:/html/body/header/nav/ul[1]/li/div/a[17]'.</msg>
<status status="PASS" starttime="20210204 17:43:53.545" endtime="20210204 17:43:53.662"></status>
</kw>
<kw name="Sleep" library="BuiltIn">
<doc>Pauses the test executed for the given time.</doc>
<arguments>
<arg>8</arg>
</arguments>
<msg timestamp="20210204 17:44:01.663" level="INFO">Slept 8 seconds</msg>
<status status="PASS" starttime="20210204 17:43:53.662" endtime="20210204 17:44:01.663"></status>
</kw>
<kw name="Click Element" library="SeleniumLibrary">
<doc>Click the element identified by ``locator``.</doc>
<arguments>
<arg>xpath:/html/body/div[2]/div/div[1]/div/div[2]/div[1]/div/div/button[3]</arg>
</arguments>
<msg timestamp="20210204 17:44:01.664" level="INFO">Clicking element 'xpath:/html/body/div[2]/div/div[1]/div/div[2]/div[1]/div/div/button[3]'.</msg>
<status status="PASS" starttime="20210204 17:44:01.663" endtime="20210204 17:44:01.825"></status>
</kw>
<kw name="Sleep" library="BuiltIn">
<doc>Pauses the test executed for the given time.</doc>
<arguments>
<arg>8</arg>
</arguments>
<msg timestamp="20210204 17:44:09.826" level="INFO">Slept 8 seconds</msg>
<status status="PASS" starttime="20210204 17:44:01.825" endtime="20210204 17:44:09.826"></status>
</kw>
<kw name="Click Element" library="SeleniumLibrary">
<doc>Click the element identified by ``locator``.</doc>
<arguments>
<arg>xpath:/html/body/header/nav/ul[3]/li[3]/a</arg>
</arguments>
<msg timestamp="20210204 17:44:09.827" level="INFO">Clicking element 'xpath:/html/body/header/nav/ul[3]/li[3]/a'.</msg>
<status status="PASS" starttime="20210204 17:44:09.826" endtime="20210204 17:44:09.943"></status>
</kw>
<kw name="Click Element" library="SeleniumLibrary">
<doc>Click the element identified by ``locator``.</doc>
<arguments>
<arg>xpath:/html/body/header/nav/ul[3]/li[3]/div/div[2]</arg>
</arguments>
<msg timestamp="20210204 17:44:09.943" level="INFO">Clicking element 'xpath:/html/body/header/nav/ul[3]/li[3]/div/div[2]'.</msg>
<status status="PASS" starttime="20210204 17:44:09.943" endtime="20210204 17:44:12.550"></status>
</kw>
<kw name="Sleep" library="BuiltIn">
<doc>Pauses the test executed for the given time.</doc>
<arguments>
<arg>8</arg>
</arguments>
<msg timestamp="20210204 17:44:20.551" level="INFO">Slept 8 seconds</msg>
<status status="PASS" starttime="20210204 17:44:12.550" endtime="20210204 17:44:20.551"></status>
</kw>
<kw name="Input Text" library="SeleniumLibrary">
<doc>Types the given ``text`` into the text field identified by ``locator``.</doc>
<arguments>
<arg>xpath://input[@name="name"]</arg>
<arg>${Inputvalue_BudgetName}</arg>
</arguments>
<msg timestamp="20210204 17:44:20.552" level="INFO">Typing text 'TestBudgetAutomation' into text field 'xpath://input[@name="name"]'.</msg>
<status status="PASS" starttime="20210204 17:44:20.551" endtime="20210204 17:44:20.836"></status>
</kw>
<kw name="Sleep" library="BuiltIn">
<doc>Pauses the test executed for the given time.</doc>
<arguments>
<arg>8</arg>
</arguments>
<msg timestamp="20210204 17:44:28.838" level="INFO">Slept 8 seconds</msg>
<status status="PASS" starttime="20210204 17:44:20.837" endtime="20210204 17:44:28.838"></status>
</kw>
<kw name="Click Element" library="SeleniumLibrary">
<doc>Click the element identified by ``locator``.</doc>
<arguments>
<arg>xpath://div[@name="requesting_department_id"]</arg>
</arguments>
<msg timestamp="20210204 17:44:28.839" level="INFO">Clicking element 'xpath://div[@name="requesting_department_id"]'.</msg>
<status status="PASS" starttime="20210204 17:44:28.838" endtime="20210204 17:44:29.004"></status>
</kw>
<kw name="Mouse Down" library="SeleniumLibrary">
<doc>Simulates pressing the left mouse button on the element ``locator``.</doc>
<arguments>
<arg>xpath:/html/body/ul[2]/li[2]/a</arg>
</arguments>
<msg timestamp="20210204 17:44:29.005" level="INFO">Simulating Mouse Down on element 'xpath:/html/body/ul[2]/li[2]/a'.</msg>
<kw name="Capture Page Screenshot" library="SeleniumLibrary">
<doc>Takes a screenshot of the current page and embeds it into a log file.</doc>
<msg timestamp="20210204 17:44:29.457" level="INFO" html="yes">&lt;/td&gt;&lt;/tr&gt;&lt;tr&gt;&lt;td colspan="3"&gt;&lt;a href="selenium-screenshot-63.png"&gt;&lt;img src="selenium-screenshot-63.png" width="800px"&gt;&lt;/a&gt;</msg>
<status status="PASS" starttime="20210204 17:44:29.021" endtime="20210204 17:44:29.457"></status>
</kw>
<msg timestamp="20210204 17:44:29.460" level="FAIL">Element with locator 'xpath:/html/body/ul[2]/li[2]/a' not found.</msg>
<status status="FAIL" starttime="20210204 17:44:29.005" endtime="20210204 17:44:29.461"></status>
</kw>
<status status="FAIL" starttime="20210204 17:41:55.779" endtime="20210204 17:44:29.461"></status>
</kw>
<status status="FAIL" starttime="20210204 17:41:55.777" endtime="20210204 17:44:29.462" critical="yes">Element with locator 'xpath:/html/body/ul[2]/li[2]/a' not found.</status>
</test>
<status status="FAIL" starttime="20210204 17:41:55.434" endtime="20210204 17:44:29.465"></status>
</suite>
<statistics>
<total>
<stat pass="0" fail="1">Critical Tests</stat>
<stat pass="0" fail="1">All Tests</stat>
</total>
<tag>
</tag>
<suite>
<stat pass="0" fail="1" id="s1" name="TC Sulaba">TC Sulaba</stat>
</suite>
</statistics>
<errors>
</errors>
</robot>
